[
  {
    "name": "AI产品经理AI创新管培生（直属CEO）",
    "salary": "15-30K·14薪",
    "company": "猎豹移动",
    "area": "北京·朝阳区·二外",
    "experience": "在校/应届",
    "degree": "本科",
    "skills": "",
    "boss": "张女士 · 招聘",
    "security_id": "jKMRtW2ysINFJ-d1lzxLufsIPFDqFjSJBGDiC0h1hov2XHidnPrOo6nytpzUkrVOL5PTPBCE6wYnw_WkW8ls-TmTwU5XPbbFF1hsrF8y-CnjBxwrqkEHPHgnFWV8Z_17GEcJf_R-JAFa9L4PIiiyXcAjldjpDS-jVMWqGIqKe-cX990I4RE5mP_E2hbIOsDisOW_eqJ3uMl6SejviCo3MK-EJbMVUgY1Ec3-GlaU6AdDDNGQyuaNkoBQMW721i4iXDcZaS4Ld4NrbDaXG4EbpKRSCFYk3AnspA567sQmTSORUizqQw~~",
    "url": "https://www.zhipin.com/job_detail/0048313c30581a030nd82tS0EFNS.html"
  },
  {
    "name": "AI产品经理",
    "salary": "20-28K·14薪",
    "company": "搜狐",
    "area": "北京·海淀区·中关村",
    "experience": "在校/应届",
    "degree": "本科",
    "skills": "",
    "boss": "罗女士 · HRBP",
    "security_id": "qOhLG14HQSV5s-z1U_Ci8xYn14CRCPsmRRHvyy3_O-6KEtFAOJ7hgpWkt0aQxbeUHYZaYkyiZFOnhPoQX0fgdfWeRWy_w8Fkha7c8DtEGK7hhX1g1EWG5If53Qq00m-YXD5G3pFQ7NjMstJcbIg5_iSI8bs-UFUTWn0eW9bPN0yhXi6ZuWjf7GjXQDmd9g-VgCAUlgLHtdUL-6GRzm3IvIAQyRFx1D8caqiD8qkRBKnHU8qYFhHq511vsTlsavxCupxitBsDzh4XXZnkH2ReZdwdu2cPWYDvgGdzMmlkxRd5yNJv",
    "url": "https://www.zhipin.com/job_detail/fc012ce7d32fcdbc0nd82tu_EFdU.html"
  },
  {
    "name": "AI产品经理（校招生）",
    "salary": "17-22K·16薪",
    "company": "百度",
    "area": "北京·海淀区·上地",
    "experience": "在校/应届",
    "degree": "本科",
    "skills": "",
    "boss": "李女士 · Recruiter",
    "security_id": "uFt2s78dbXoZq-o1CRJYvbR2EH2BIYLzyn8w_AValRtowLrEcQxwC8mxPxRr8JiMTJ9awZ2IWXOSYppJeBv8twRiuWmf0JXqOf-8E7xZwQlI6PSpjlGX_5ZF4RDa93hGcJHhS5bqpzlunptECot_XURMrncWUk_b6ENdNqUBBT4jr5ht4pNTxNBmGj_Ms510tvyQGwOfNWmUc5AovOGjRnWNwvAKTdKa3KmVsNpbtuW2CGreLRRyxsQnlfAqGBT8bI_d1nMHZs17dd6BkQd3GUwYefop26xRZ8HQ1A4~",
    "url": "https://www.zhipin.com/job_detail/1f4b00fb467bbe240nd52du0FVZR.html"
  },
  {
    "name": "ai产品经理",
    "salary": "15-20K·15薪",
    "company": "趣领智言(苏州)",
    "area": "北京·朝阳区·朝外",
    "experience": "在校/应届",
    "degree": "本科",
    "skills": "语义类AI",
    "boss": "钱女士 · 招聘HR",
    "security_id": "o1rqhEsr2lW7E-q1BqkV-pThvo3nvIFyuhErMw7iP2_tAstp25GTCCzb3uYSAvfeApP9T2dMdE0uqe25lxJmGM-I7PKD8isQw14zfvkxO_w1KaJsL8ji95AC2_-nAlsKWXvQ1rrsJZy_4jvJDzO8SFGDOy81TnQXqfelIesLlJdJShRqZqxVw0NdmkaB8tDOsF_cw9aJSIQGpXq4QIrq_pj11lOMvug6KTuLZeJv-SMQPLqenU6xB_2uvRD7Uh1yraGSYRIG7hG8oHDW_mdhPbWKK--THd1Sj3qiBBMr77Z6cQyVPJpE-dD6BTg8iZwtUsNKIJTK3g~~",
    "url": "https://www.zhipin.com/job_detail/9aabfde2a44b00ce031y0ty9EFJX.html"
  },
  {
    "name": "AI产品经理（校招）",
    "salary": "16-19K·15薪",
    "company": "转转集团",
    "area": "北京·海淀区·清河",
    "experience": "在校/应届",
    "degree": "本科",
    "skills": "C端产品",
    "boss": "杜禹衡 · HRBP",
    "security_id": "80tHxSgn9hZ4T-M1ixCGBT6igUs4yRXiWi9h9prPljm6UcauhmnCY-aL5PHIEH7nbDPuLbjKwFXZvzyxjLHQlSgM_kEPk7xkTXYXbUj9RgjGAxYDqoHYv61iSCJW7O6sMTSIqHHsGWNIka_DOXWFhXZwp1Y1_GAiDAKetMAp4Evs3oYKnqLfdOCEfVi85t0aieYCCtUhrkA7lSwZ8L2-xS1k-PyjIEKYd4G6XryiqurNLvc3kzsbRV1F6WXNreSaQ91u1BoLLWdYCvInnx80iXe_jhzsYVxQdneZuNcWSz5rR7dj0qjDZhVWfjFUCPmW5LaSwV7eM9k~",
    "url": "https://www.zhipin.com/job_detail/31f81a36dda2f3b30nZ70tW8E1RZ.html"
  },
  {
    "name": "AI产品经理",
    "salary": "20-40K·15薪",
    "company": "美团",
    "area": "北京·朝阳区·望京",
    "experience": "在校/应届",
    "degree": "本科",
    "skills": "",
    "boss": "邢女士 · 产品",
    "security_id": "b2RbSquUW8D6f-e1J_8-9p9BT9kFrwmAENyYOeZvxGKy-M0npkOMtwWW4nrUcHguymMA3IDphAK8Gum7NgammZGCIpyD5v7SvU5CktwxHosQJ6YD1wO3qJHeAJwQDXkTGmN5XppjTRLRnQ9czUxUGq__D6R-rIuDs3dFPfP8Puykk-0mNV8ix7sMDkTmvE2X9fLUSoewa8-NbY_AA_bffMa9U1XXaTtYULLUZO1Rq5h4VDyTLfMBxOdU4LfqSCGXNKl-RGmgARPX2hep2Wdf_L83DXXbsHbEmlaInhZcfxZtS3Eh",
    "url": "https://www.zhipin.com/job_detail/18a37044eeb4603e0nV62Nu-EFJR.html"
  },
  {
    "name": "社交 AI 产品经理",
    "salary": "15-18K·15薪",
    "company": "陌陌",
    "area": "北京·朝阳区·望京",
    "experience": "在校/应届",
    "degree": "本科",
    "skills": "",
    "boss": "柳先生 · 产品总监",
    "security_id": "fEV3JdoEMEVQa-I1QudcZZRyvW_No8NmZ0rQvyG4jnoLsEyiiUaQQTVBxygzBOEtPK8yz0ha-EH464P54LjXv4TzoBDoLBxhGiSqYNdbye_A7B309HGiNlbJBMO8RDC9Jg-d4AopxNbJyD6P5Sp8IMNyquKYJ_LfOKv2jQlPCCQbWFgzhrhwyVmplL0T91S0VHxVkSSF5gFAMIR_jIjnwbcYBztqsa36k5u8MHM8n5qK6jqzra-uVSDlvugZxYFbCkvjTKogPxOlBUurVe_KscZI2Egv8M-xk3PQnBmW9-Ah5Q~~",
    "url": "https://www.zhipin.com/job_detail/dd9a8b79897fca1e0nR60tW7E1ZY.html"
  },
  {
    "name": "AI产品经理-26 年校招(A36456)",
    "salary": "15-20K·14薪",
    "company": "爱奇艺",
    "area": "北京·朝阳区·工体",
    "experience": "在校/应届",
    "degree": "本科",
    "skills": "",
    "boss": "苏先生 · HR",
    "security_id": "hEDA7TdOEv71b-J1gUSKPEKrJTWBdkdwWVKeW2o38YPOaWyKtqaM2_WvRHxHESeheEioZJSvkGGKbSIYFCVzJWUcI69BLEw0k1VhjdDkPEFuhUVxxmGTKLdo2ld0F56ICb-aNbl1M30HoMMK_YP9JjW0QR04sA8-ZVqS2TC1AMegI7g8y_rWkwsjgqfGVzrl67utv0LkIsue6766ayHwtNqTN-9qFMRkCXcPceJv85iq3m7GeFSLRL_aUTvJH2qh7pdNBQ5JFiNCbWQJnk6i6sgGNu1NYaPXeT8YGj5o_KfrdNkt",
    "url": "https://www.zhipin.com/job_detail/a9feac38335122d20nV53N-_GVJU.html"
  },
  {
    "name": "AI产品经理（有害生物防治）",
    "salary": "15-25K·13薪",
    "company": "中科神探",
    "area": "北京·海淀区·上地",
    "experience": "在校/应届",
    "degree": "硕士",
    "skills": "",
    "boss": "袁飞 · CEO",
    "security_id": "aQSMSv33r0N0B-V194vTb1_fvMfr2evNdR2k5TwT1HUWGmj-d7YtnHnbxATldtROdwywYvm4CffP_Ii6UMY9j_jARh0NMd4QeONl3Jx3gMUh6lh2lfBW0SvSYwWn8CMG3Vhm2OOxf6ydAQ461ggpiLx2FaeZN-bCiRFZDtN0vKff2V0Puyf8x8-klIw34I9AbT-Vd3tSpHzRXn-SBlFZgYHB9xA1iT-GBQzn9AZQbFnhmrjCCiERhmv4cMbVWJlG57Tm8pqRag_sqtly1jjIGMG5IfJhego06G7saToV99CIzLM~",
    "url": "https://www.zhipin.com/job_detail/80bfdc8814b316900nV92dS-ElJR.html"
  },
  {
    "name": "区域运营（B端 AI教育）",
    "salary": "12-20K",
    "company": "拾光伴学",
    "area": "北京",
    "experience": "在校/应届",
    "degree": "本科",
    "skills": "对企业/机构（To B）销售经验,企业（To B）,教育培训,课程/培训类产品,招商/商户拓展,门店/柜台销售,面销/陌拜,不接受居家办公,销售经验,门店督导,营销经验,教培",
    "boss": "姜女士 · 招聘者",
    "security_id": "nmf9dEd1EZXnf-g1ZsQ2o-RtB98ceoop6Rk3opJRuL_yR_dRe2Dyk5cUjy-SBRs3Rf2bdMwIbgYDIFR9ukPqQqJZZrr6T7Vl2Vu_kfDtgKoKMpDn8Jzc-oeQLAi5cdPNbzOzng0VdPxXoCq0Gd_DczNJtPa5bUgVeAVH3_GHyh2dMF_fQE18UxAJAtz6p4Gg8cig5ZkWHc78B7A9jxaNb3cVDzXyjD5sK3X4xq6627JC70TMjzMJO6E-mglKNMYw6gVx-1e090fzVSDty4ioyHDLQe2E641LbWyqoOES84P9MmShPw~~",
    "url": "https://www.zhipin.com/job_detail/fb0771ae4fd39c7b0nd_29u9GFZV.html"
  },
  {
    "name": "ai产品经理",
    "salary": "12-20K·14薪",
    "company": "瑞幸咖啡",
    "area": "北京·朝阳区·亚运村",
    "experience": "在校/应届",
    "degree": "本科",
    "skills": "Tableau,SQL,Python",
    "boss": "来冉宁 · 招聘专员",
    "security_id": "mzqN9Of8Pghlo-z1s5CTbn2i3LPiwjQZH8rZRFwoXBBSppF3fVZeZH1Ooi4uto5qnMPA-uYI7SkIbfDPkze12D2aJZNj80StGRxqiOFKzX1Ta32ttshr74DxvBcZm5LQA2I8QULysHegvFxYY54PeF4fxHv_cI9kxDMkwjVlrv17FdX82hPSlUT50VGsKPUh1mZpbruXUpk9JXZgHIzdZmpzI3xuQ_Hl395URvRsCr6Bo9InlvzFa1EHzBUxJ6z7P9_lWFDJIoeECkWA1qpdRoWQSWDE0WryGnI3zN-rk_JWw5lU3g~~",
    "url": "https://www.zhipin.com/job_detail/e67381cd8feba5430nd409i8EVpS.html"
  },
  {
    "name": "校招-产品经理（AI / 网络安全）",
    "salary": "20-30K",
    "company": "长亭科技",
    "area": "北京·朝阳区·亚运村",
    "experience": "在校/应届",
    "degree": "本科",
    "skills": "",
    "boss": "谈震华 · 招聘负责人",
    "security_id": "oS7k-souIJ44P-f1pSoHxR9D3oLcecf5tgBIA7OGKLxPJZzfBd5kalOyxRw-YFKpTo2drGj-ZEUzMQyBTK8rHY4Mb1bqdZ_y_FDaGgmwVi2Lu3__eJIoQYhn5zR3yDFEcCie856x58D6rEIUjioQofI2Um0RbRBTcxbgv85n0m1WnE8RaKosG_oxN1A7NqQd8F3IgmKUQd2Y9--t2xaK_mTuwFOz07AYtt8bQTIwkTzqHemBQghbPtGQv8xe2Lo-vUTbj83BUzLBC9X0akcJGTJ2kan5OPdLhV7Z8_PN32E-rg~~",
    "url": "https://www.zhipin.com/job_detail/acca158a350055540nVy3tW7EldY.html"
  }
]
