[
  {
    "name": "用户增长-麻将方向",
    "salary": "15-25K",
    "experience": "在校/应届",
    "degree": "本科",
    "city": "北京",
    "district": "",
    "description": "工作内容\n1. 负责国内休闲、棋牌游戏产品的用户增长相关工作，通过字节、广点通等平台推⼴游戏产品；\n2. 汇总和分析⽇常⼴告和产品数据，输出解决方案，持续降低获客成本，平衡项目收益和⽤户规模；\n3. 进行市场调研，分析同类竞品，确定目标用户，及时调整内容运营策略；\n4. 对接产品、研发、运营、发行等内外部门，优化资源配置，保障需求高效落地。\n\n任职资格\n1. 本科及以上学历；\n2. 对创意游戏广告有钻研进取的态度，能根据游戏特点，提出自己相应的广告创意见解；\n3. 熟悉抖音、微信朋友圈等媒体平台的视频风格，有网感、能捕捉热点，有自媒体账号运营经验优先；\n4. 思维敏捷，对数据敏感，较强的数据分析意识，具备一定的推广规划和实施能力；\n5. 热爱游戏，有强烈的求知欲，主动性强，善于沟通协作。",
    "skills": "游戏商业化经验, 休闲, 手游, 玩家运营",
    "welfare": "交通补助, 生日福利, 节日福利, 通讯补贴, 免费工装, 团建聚餐, 零食下午茶, 餐补, 员工旅游, 带薪年假, 全勤奖, 节假日加班费, 股票期权, 绩效奖金, 年终奖, 定期体检, 补充医疗保险, 五险一金",
    "boss_name": "吴娇娇",
    "boss_title": "人力资源主管",
    "active_time": "刚刚活跃",
    "company": "途游游戏",
    "industry": "游戏",
    "scale": "1000-9999人",
    "stage": "不需要融资",
    "address": "北京朝阳区途游游戏(暖山生活店)",
    "url": "https://www.zhipin.com/job_detail/49138f4f1229624b0nZz29i5EVpS.html"
  }
]
