[
  {
    "name": "产品经理-校招/实习转正(J15116)",
    "salary": "15-20K·13薪",
    "company": "慧策旺店通-掌上先机",
    "area": "北京·海淀区·中关村",
    "experience": "在校/应届",
    "degree": "本科",
    "skills": "",
    "boss": "李先生 · 研发经理",
    "security_id": "ZjPIr7BXHLhKD-A1t5RZbpzXV_a_FpRDX_6jSo8rRiRsoqMzBc1K7TmfQAArhLzphRkJDtZGntDbLDhNNgPOlbUddGYQt_ygk_IRfV9ruZ99MFVfWlwN069kJ29Tps9XgRosLQT8YbxRlDgTGSzGW9D18Lb149dSeJ3Q-bvOi96IQd_1258ifQItqBcsH3gjyFAw26wb61q8WUsso-p3waWXJQgSzfj9bvH1wAV1DLdBHEiiLXK0vmHcOtb0gejgo93tTJGrdNqX4ae1JaTELn7PcuYRzUm4UO2RCFgyJM_arIY~",
    "url": "https://www.zhipin.com/job_detail/308f9e925b25e03b0nd-2dq6FVtQ.html"
  },
  {
    "name": "产品经理-仅26届",
    "salary": "18-24K·15薪",
    "company": "美团",
    "area": "北京·朝阳区·望京",
    "experience": "在校/应届",
    "degree": "本科",
    "skills": "C端产品,B端产品,中后台产品,策略产品,用增产品,电商产品,AI产品,社区产品,内容产品,社交产品",
    "boss": "余先生 · 产品经理",
    "security_id": "OFQHY5toaE6AK-z1HpFAjWwR3E5UJJ1UkIVykQPlp7YIQa5CiGun3gB9rjj3t9AI206eARqNFc8urTUplmnJCkxa2PnVl-b1WKA-iPyXUaV9pIN4-b6ceM5NU74umaku2NKsXXY-bVBz0eAnAHLYJGT5EjQelUpoDhTeXlaZqwYc2iFfi9AvehayBokOvAmfxa6tRIovF17v4lrfs9ozdN4A75jyupxmqwM5f7JS6CNKTJp7AHI0taYiOlHtDLONr_D8v8gME6IgYb3rRYWAysSkeh2CC6raq19fDU4M7lNRAjh6csZCDegswhczHFPvZZgHuSLbWe8~",
    "url": "https://www.zhipin.com/job_detail/e041c55fe7b9e7be031839-5F1BV.html"
  },
  {
    "name": "产品经理【校招】",
    "salary": "15-18K·14薪",
    "company": "玩吧",
    "area": "北京·东城区·工体",
    "experience": "在校/应届",
    "degree": "本科",
    "skills": "用户/功能产品,C端产品,社区产品,直播/视频产品,商业产品,社交产品",
    "boss": "刘女士 · HRBP",
    "security_id": "DRrpG6TvnoX0h-N1lK-XJ6yqTNBua3ORaKdll_jf5kaUQE7pbhiaPhpW8kaVsRTxDLQdFHjNpa6bZphdvHNFMLdWcqKPROkF7Uu1tMQIXB2N9zevCVvkdcCeEMzWnWrArdjEQEtypa8qbTnQo73N7KyfmPTswjecA4d7hp9zLLGfk4K2G1tdbaTNtYJ44bc9l5w-fLG9LMytkGS2Z-qMItYqB7Sa8IUGK7DWxC0u5lPoEAoluu_sjwxpve2x-aiNQB4BBr7pFUHpytjqX2_ByoVEsKwYDEyc6Ja9scpwVaqSbeDJl30zQqkRvFfgF7lJuoQwiMU~",
    "url": "https://www.zhipin.com/job_detail/c1635cc968e117171Hx92dm4FlBY.html"
  },
  {
    "name": "东方甄选-产品经理（食品/生活类）",
    "salary": "12-20K",
    "company": "东方甄选",
    "area": "北京",
    "experience": "在校/应届",
    "degree": "本科",
    "skills": "SQL,市场调研,产品规划,数据分析,C端产品",
    "boss": "胡先生 · HRBP",
    "security_id": "p630zT1oqEoiZ-g1wVYJnxFkQV-CZLwASw3WGcefFzJjiFoVtGVzbuIsmpTy2R5zvo2qmrOeiwxbSLyORnAE8NPhKikxWwp6UwgsNKWqLOltqPNmZ9mQwXerkGShG4-dwTf2y-TM1X4OuVjimzvtDHj3goMjOMF9tXuKfBHXhdRSmo71ip-X9KKsyDCRi0xDdvgimRecApHnmDP9epXAxby_thuHVkTVCU9LwXFIW-Hf5mPF5L3uM1zGE9QJlFxubd-0x888lN-bXAQAZY_JM3wGyoUOOWdSD92M34ZgUWYoljoeVgCOoZvPjECnifXl430a8FD6sQ~~",
    "url": "https://www.zhipin.com/job_detail/a508c21ed941f9fa0nV82dy1EVZT.html"
  },
  {
    "name": "产品经理（校招）",
    "salary": "15-20K·14薪",
    "company": "藏猫猫",
    "area": "北京·海淀区·清河",
    "experience": "在校/应届",
    "degree": "本科",
    "skills": "C端产品,用增产品,用户/功能产品,内容产品,社交产品,AI产品",
    "boss": "刘女士 · HRBP",
    "security_id": "iRFeegWQDcm7F-j1AsSmvSGtSFyvF4gUdvSQwY_HPkRq520vgPStTP1nQ_KraSbPQxCdWm8qDo9zPa65vDFP9ABqwSHo4oN73gP100fShYsTLF_GGCQZqwWyqf-W-R8vtL3ge0JQxVlaTbyY30sA95JyuHA50yXR3Npmlb9saPZy-8OQrg2n5jyBIS9vmgqqPjhvDhDu5AxQSNDtDuYORmr2bBuPrE6tBJLIsyGVmqZpQjGBngIKi509rzdaTswjmh8hvJe-gC4oomuba4vRgLJAIdxcjKVQeUgZyyNbP-v4IJEZ",
    "url": "https://www.zhipin.com/job_detail/9cc833549ff6b4fa0nd82t-7FlNT.html"
  },
  {
    "name": "产品经理（接受实习及应届生）",
    "salary": "12-20K",
    "company": "能链",
    "area": "北京·朝阳区·高碑店",
    "experience": "在校/应届",
    "degree": "本科",
    "skills": "B端产品,C端产品,中后台产品,一本",
    "boss": "田小芳 · 招聘者",
    "security_id": "7qFTcckloQP1c-V1rG2Unq1sEErQ801FDVVe9KZL__g0PC7gIgN76E_m3b9sLjrh2u73Xx_A7xYyoOcIrORRTMX96sseezus24MViaQRvQPiDwZVxq_HGNFazSUglXwsavaDW2ndEYxfGRgtSSIQlR_HgrPI75Rh5cuKh1IuCCa-9W9zuTfMOEDprNVvCofDUQhGHkW7Tl6tdIibxXCjgOoP1sVCbuCneK0W87x64CX1viLocDoYf3nncKQ87jq3XJ4bLyh-ptBqaUJ64Sv3tdwhc36T-BhJEFxJfdw_M0tjiOy0",
    "url": "https://www.zhipin.com/job_detail/12c9372b17f3594d0nZ-3t64EFtT.html"
  },
  {
    "name": "高潜特招-游戏产品经理 （转正实习）",
    "salary": "25-40K·14薪",
    "company": "重庆亦之趣科技",
    "area": "北京·朝阳区·太阳宫",
    "experience": "在校/应届",
    "degree": "本科",
    "skills": "",
    "boss": "黄女士 · 招聘者",
    "security_id": "vSob-EQkolCJe-I1BPbBu0I2_h_rDhl6E6XVK5UdHrzU7dcL0b95Hxc_BebEfGRHXyBH0zfeAS5V5CvRTpCY4KGGzyxSDYidRHiwL0fM_waxXA0DzuCGggttRWUgm39RmwR1IY9Fw8W9xULfmT5iyLTNAzNU-nrW4KXAhqQbroxlM_QQ1b6Hx_Sae8Q6ZN2LtExhQuOdjWbxXt5p8ApjjHxa_7WJohvpoLS74mhjSUjDttiJd0bUj2OQH7iNzXAAyR98n8ZMxfz_K1m3PokM5sp-jftuK1jTfUZWAdga2Eo0VYxeK9CVizH_sgV_fwQ6VK-wZFYwK-I~",
    "url": "https://www.zhipin.com/job_detail/115f2a879d9336970nd63tS6GFNU.html"
  },
  {
    "name": "产品经理",
    "salary": "22-40K·16薪",
    "company": "快手",
    "area": "北京·海淀区·安宁庄",
    "experience": "在校/应届",
    "degree": "本科",
    "skills": "留学生优先,国内院校优先",
    "boss": "邓先生 · 前端",
    "security_id": "O1y28WYnqPCNa-J1015STIPiT9iIcWJJvryJ6eac5i696QCyQM3YzoIRLWe7GtrJrNvUeA6zUJnOdbU047yHeiDZOKFJZnKUlSUDNZgTu_116PFlAILwrxuffzkQU9z2myWskLgSJ9JLtVq_91zUffBNEAiUwbwD0nQfgizyucBd4ufKzS5tDKSdeQ4eLLvpS1mvDwgc5buYtpqDarYbxno6Q7XSXIHplcSzpo0tlnmN_R8Z07x8vYpGmlTvH1qxM7iVvwQc0Gn3ISbnEhSJ23cu975phIAbMoUdr4x13T2WCw~~",
    "url": "https://www.zhipin.com/job_detail/87ff5028cdf375ac1X1y3du1GFRQ.html"
  },
  {
    "name": "产品经理（校招）",
    "salary": "18-25K·15薪",
    "company": "即时设计",
    "area": "北京·朝阳区·高碑店",
    "experience": "在校/应届",
    "degree": "本科",
    "skills": "",
    "boss": "刘女士 · 招聘专员",
    "security_id": "Pmzdzk42iSUMF-z1HfpYMdFCzN3yZ0GuU2lfmKT07qfgVYPAqCKbkaigkqOUWCmkeY1o_2lle5gr8H3UqpgqgtqUxrYYK2zAAS0-CSPXnWu6Ks7rMOCJkex1nTIDuJwgbPfwG5HicYd4gAnnVVy16CS9BJXQB9d8GqnzHHFr7zSw4nBq8b29N-5XUYeS2y18Hy9PYDVCyQ20sn1coMwPpHNmuKCC77Pr2RXcbMtWgL3kFMwEIiwIxM2D9a4XWJc1yYRVBGm9-ggvakl-P8pAMAYlUV0DK5UDfwtcn-UJObLzl7xilA~~",
    "url": "https://www.zhipin.com/job_detail/9e242225f9e924cd0nd_29q_EFtX.html"
  },
  {
    "name": "校招-产品经理（AI / 网络安全）",
    "salary": "20-30K",
    "company": "长亭科技",
    "area": "北京·朝阳区·亚运村",
    "experience": "在校/应届",
    "degree": "本科",
    "skills": "",
    "boss": "谈震华 · 招聘负责人",
    "security_id": "ybJyvA9shUw35-g15LIrPRJFOnLgN0absY7Eo4aCDXAbxDh0N1XJfRQxzd9pKf9E5TDrQWiLwrNXf0a9EMyTuBT6NRvT1N6fb63GD1ypF82Pl2ujkGi672jvdutY3phUsi-ddYEXJ9_D4nH_Um6NQ0f_JJsUV7CJLbXzj5VyYT6gGX9gKXZUjI1yYq2Pmi71FKnFlsSXo9e1l7a57cbXGO-FjtnK1tll2gVoYpAW8r9DDFbxS9IGpv-lrBgZtl_G6bXKn_PjXtnKxTUGx3YbqAyp4-f8AhpPWAAbAT8dlqyTLA~~",
    "url": "https://www.zhipin.com/job_detail/acca158a350055540nVy3tW7EldY.html"
  },
  {
    "name": "产品经理-26届 J14030",
    "salary": "17-19K·15薪",
    "company": "转转集团",
    "area": "北京·海淀区·清河",
    "experience": "在校/应届",
    "degree": "本科",
    "skills": "B端产品,中后台产品,电商产品",
    "boss": "马女士 · HR",
    "security_id": "iqEsTALfNBYiP-x1T6R1O5M5Q4hByTCfL6szGnPl8WRov1nR51nyGF3Xr4W2DMnT9LJhOaOub5gXGVNkr-h57ZA1VNSbs9l3-sj0vxRqtyhpapU0-FoY7hLi60zyR8lOgeZHfvMrKGCJHwmBUgtHtW01BTz6AOrlcAZtVd3-a-FJ_4XWdTbwSC1aXDc0UDky68_QFa2EzqUWhSSQX874fQb1g4axDpNZLgeMkXVxCmFdyLha6dBAkLRpeigZiRtxJE0IgqOI1C3zx_E0_nX3TOSO3wFmQu4C-Tjbag5pir--PRp2",
    "url": "https://www.zhipin.com/job_detail/f3c7fa73bbd166eb0nVz2dy9F1RV.html"
  },
  {
    "name": "东方甄选-产品经理（生活类）",
    "salary": "12-20K",
    "company": "东方甄选",
    "area": "北京·海淀区·中关村",
    "experience": "在校/应届",
    "degree": "本科",
    "skills": "C端产品,数据分析,产品规划,SQL",
    "boss": "张女士 · 招聘者",
    "security_id": "_lEwAe16vZBdv-l1dubReCwTDqHZa8-dKfKNwOtDf2R60CoThPYQODTR502EuiWemlC0WIhYW5N2Vd6XLcVYsSKjNahvj2lsPjWMyn0fmajSHydVeppSM4pMBHXrsFLM9rT3SVLi4R-nDXyf49zOhWgvO6g1peaeUd6_k6wHGDvUgD4eSebBmUn8T7Z4R3IJX4OIINhrQtJZaZS6Fbv48Kv5U8zd3wppxW8DaINA9oas5W4gDfPjThEyY5MFZ_o2EmeowP7J660XrHUwWme3NPuheASuT9qFg4k5fqABwcrwezJ9JQ~~",
    "url": "https://www.zhipin.com/job_detail/c186706361ab42140nd52d66EFBS.html"
  }
]
