[
  {
    "name": "AI产品经理（有害生物防治）",
    "salary": "15-25K·13薪",
    "experience": "在校/应届",
    "degree": "硕士",
    "city": "北京",
    "district": "",
    "description": "工作职责：\n1、\t协助产品经理/产品总监开展公司的AI大模型技术在虫害监测/检测领域的产品设计及解决方案制定；\n2. 协助领导开展需求调研、市场分析、竞品分析⼯作，深⼊理解⾏业需求，提炼并转化成通用业务功能，输出高品质的解决⽅案和产品设计方案；\n3. 协助领导对产品进行升级迭代和产品生命周期管理；\n4. 负责相应产品的客户技术支持工作，包括需求调研、数据对接、产品演示、产品试用等；\n5. 协助产品总监建立、维护公司质量体系；\n6. 对销售人员和渠道进行产品培训，在市场活动中进行产品讲解、演示；\n7. 完成领导交办的其他临时工作。\n\n任职要求：\n1.\t硕士学历，昆虫学、动物学或计算机、人工智能相关专业，具有昆虫学专业+AI研究经历者优先；\n2.\t具备优秀的创新能力，敏锐的洞察能力，快速的信息收集能力和分析能力；\n3.\t熟悉AI技术，对前沿AI技术有极大的兴趣，并能够跟踪最前沿的技术；\n4. 具有优秀的书面写作能力，能够输出高品质的各类文档   \n5. 具有良好的沟通能力和表达能力；\n6. 具备强烈的责任心、高效的执行力，积极主动，能承受较大的工作压力。\n\n职位优势：\n中科院自动化所直属公司，人工智能国家队产业化平台，技术领先，创新型产品与市场，优秀赛道，个人成长空间大，有获得期权成为核心团队的机会，机遇好。\n\n公司代表性产品：\n1)\t“鲸探”堤坝白蚁活动迹象无人机快速普查系统（水利）\n2)\t“鲲探”白蚁巢穴探地雷达AI识别系统（水利）\n3)\t“神麒”白蚁可视化智能监控装置（水利、住建、农林等）\n4)\t“神探”桥梁检测飞行机器人（交通、住建等）\n5)\t“神探”公路地灾灾害预报AI云平台（高速、交通局等）\n6)\t“鲲探”道路路基智能化综合检测装备（高速、公路、机场等）\n7）   “神麒”隧道衬砌智能化综合检测装备（铁路、地铁、高速、公路等）\n8)\t“蛟探”城市地下空间病害检测与综合治理平台（市政、水利、交通、建设局等）\n\n公司代表性客户：\n交通：江西高投、安徽交规院、交通部信息中心、铁科院、沈阳铁路局等；\n水利：水利部水利科学研究院、安徽省佛子岭水库管理处；\n其他客户：中央网信办、公安部、最高法、首农集团、长虹集团、中电科、中科院、部队等。",
    "skills": "",
    "welfare": "交通补助, 节日福利, 通讯补贴, 零食下午茶, 员工旅游, 带薪年假, 全勤奖, 加班补助, 股票期权, 绩效奖金, 年终奖, 五险一金",
    "boss_name": "袁飞",
    "boss_title": "CEO",
    "active_time": "刚刚活跃",
    "company": "中科神探",
    "industry": "互联网",
    "scale": "20-99人",
    "stage": "A轮",
    "address": "北京海淀区群英科技园3号楼1层1003",
    "url": "https://www.zhipin.com/job_detail/80bfdc8814b316900nV92dS-ElJR.html"
  }
]
