[
  {
    "name": "ai产品经理",
    "salary": "20-40K",
    "experience": "3-5年",
    "degree": "本科",
    "city": "北京",
    "district": "",
    "description": "岗位职责\n产品战略与规划：研究影视行业趋势与 AI 技术发展，结合公司业务制定影视 AI 产品战略和路线图，规划产品功能、特性与发布计划，确保产品竞争力.\n需求管理与分析：收集、整理和分析影视制作、发行、播放等环节中各方对 AI 产品的需求，包括导演、编剧、制片人、后期制作人员、观众等，将需求转化为产品功能和特性，撰写详细的产品需求文档.\n产品设计与开发：主导影视 AI 产品的设计，如智能剧本创作工具、AI 视频剪辑系统、虚拟角色生成与动画系统等，确保产品易用性和视觉效果。与 AI 算法团队紧密合作，优化模型性能和效果，参与技术评审和开发过程监控.\n项目管理与协调：制定项目计划和时间表，协调跨部门团队，解决沟通、协作和资源冲突问题，确保产品按时交付。定期汇报项目进展，反馈风险和问题，提出解决方案.\n产品上线与运营：制定上线计划和推广策略，与市场、销售等部门合作，推动产品在影视行业的应用。收集用户反馈，分析产品数据，持续优化产品性能和功能，提升用户满意度和产品竞争力.\n行业研究与创新：关注影视行业动态和 AI 技术前沿，探索新技术在影视领域的应用，为产品创新提供建议和方向，推动公司在影视 AI 领域的技术领先地位.\n任职要求\n教育背景：本科及以上学历，计算机科学、人工智能、影视制作、数字媒体、动画设计等相关专业优先.\n工作经验：3 年以上产品管理经验，有至少 1-2 个影视 AI 产品项目经验。熟悉影视制作流程，如剧本创作、拍摄、后期制作等环节者优先.\n专业技能：熟悉 AI 技术，如机器学习、深度学习、自然语言处理、计算机视觉等在影视中的应用。掌握产品设计工具，有较强的数据分析能力，熟悉敏捷开发流程和项目管理方法.\n能力素质：具备良好的沟通协调能力、团队合作精神、创新思维和问题解决能力，对影视行业和 AI 技术有热情和好奇心，能够承受工作压力.\n行业认知：了解影视行业的市场动态、商业模式、竞争态势和发展趋势，能够准确把握影视行业对 AI 产品的需求和应用场景.\n审美能力：具备一定的影视艺术审美能力，能够理解和把握影视内容的创作风格、画面质量、剧情节奏等方面的要求，确保 AI 产品生成的内容符合影视行业的艺术标准.",
    "skills": "机器学习类AI",
    "welfare": "五险一金, 全勤奖",
    "boss_name": "程斌",
    "boss_title": "人事总监",
    "active_time": "刚刚活跃",
    "company": "翼视界",
    "industry": "社交网络与媒体",
    "scale": "20-99人",
    "stage": "不需要融资",
    "address": "北京朝阳区兴业祥龙大厦7层",
    "url": "https://www.zhipin.com/job_detail/ce3b9e61dc4673a503R63Nu5FlJQ.html"
  }
]
