[
  {
    "name": "社交 AI 产品经理",
    "salary": "15-18K·15薪",
    "experience": "在校/应届",
    "degree": "本科",
    "city": "北京",
    "district": "",
    "description": "1、负责 AI 在陌陌社交聊天场景的核心体验与需求探索，提升用户的社交体验，提升平台粘性；\n2、探索新的社交AI 玩法，以提升用户活跃；\n3、跨部门沟通、跟进产品进度，按期保质完成上线；\n\n任职资格： \n1、本科及以上学历\n2、对陌生人社交有兴趣\n3、对 AI 有基本的了解，对 AI 有热情，具备很强的学习能力，\n4、独立思考，有探索欲",
    "skills": "",
    "welfare": "五险一金, 补充医疗保险, 定期体检, 年终奖, 餐补, 交通补助, 节日福利, 零食下午茶",
    "boss_name": "柳先生",
    "boss_title": "产品总监",
    "active_time": "2周内活跃",
    "company": "陌陌",
    "industry": "互联网",
    "scale": "1000-9999人",
    "stage": "已上市",
    "address": "北京朝阳区望京SOHOT2楼",
    "url": "https://www.zhipin.com/job_detail/dd9a8b79897fca1e0nR60tW7E1ZY.html"
  }
]
