[
  {
    "name": "AI 产品经理（内容安全）TikTok 安全产品",
    "salary": "50-80K",
    "experience": "3-5年",
    "degree": "本科",
    "city": "北京",
    "district": "",
    "description": "职位描述\n1、负责搭建Misinfo（误导性信息/虚假信息）及AIGC内容治理相关的Agentic Workflow体系，设计可插拔、高适配的平台架构，涵盖检索、逻辑推理、结果校验、标签打标、处置策略等全流程环节，支撑内容安全业务的高效落地；\n2、深度结合ToC内容平台的业务特性，针对政治、医药、气候、新闻四⼤核⼼垂类的虚假信息治理需求，优化Workflow中的核⼼模块，如RAG检索增强、COT思维链拆解、大模型逻辑推理等能力的落地与效果调优；\n3、联动算法、研发、风控审核等团队，推动Workflow平台的技术落地与功能迭代，定义平台能⼒边界、接口标准和效果评估体系，确保平台能快速响应业务侧的内容安全治理需求；\n4、持续跟进大模型技术在内容安全领域的应用趋势，结合业务实际场景迭代Workflow策略，解决高曝光、高VV的头部虚假信息治理问题，提升内容安全检测的准确率和效率；\n5、与Trust and Safety等相关团队建立高效的协作机制，整合外部技术能力与内部业务需求，避免重复开发，实现技术能力与业务场景的深度耦合。\n职位要求\n1、本科及以上学历，3年及以上To C互联网产品相关工作经验，有内容安全、风控、审核、大模型产品等相关领域经验者优先；\n2、熟悉大模型相关技术体系，理解RAG、COT、Agentic Workflow等核心概念，有大模型平台/工具、智能审核链路的产品设计经验者优先；\n3、对内容安全、虚假信息治理、AIGC内容识别等领域有强烈的关注和探索欲，能快速跟进行业技术和政策趋势；\n4、能在复杂的业务场景下快速决策，推动问题解决；\n5、英文可以作为工作语言。",
    "skills": "",
    "welfare": "五险一金, 补充医疗保险, 意外险, 定期体检, 年终奖, 绩效奖金, 股票期权, 带薪年假, 餐补, 团建聚餐, 住房补贴, 家属自选保险, 家庭关爱假, 免费健身设施, 年度体检, 就近租房补贴",
    "boss_name": "王怡",
    "boss_title": "招聘者",
    "active_time": "刚刚活跃",
    "company": "字节跳动",
    "industry": "互联网",
    "scale": "10000人以上",
    "stage": "D轮及以上",
    "address": "北京海淀区字节跳动有限公司紫金数码",
    "url": "https://www.zhipin.com/job_detail/49e9bb0de1e5049f0nd53N64ElBV.html"
  }
]
