[
  {
    "name": "高潜特招-游戏产品经理 （转正实习）",
    "salary": "25-40K·14薪",
    "experience": "在校/应届",
    "degree": "本科",
    "city": "北京",
    "district": "",
    "description": "注：和创始人直接对接，获得最前沿的游戏设计指导。\n\n岗位职责：\n1. 游戏底层解构： 直接对接创始人，精准承接创始人对产品的核心定位与发展预期，独⽴负责对在研游戏产品的核⼼数值、关卡节奏及成长链路进⾏深度拆解，结合创始人理念形成逻辑严密的分析框架，紧密进行游戏理解上的交流，针对需求提交极具参考价值的逻辑优化报告，配合其完善产品底层设计逻辑。\n2. 体验建模： 紧密配合创始⼈，围绕其提出的产品体验核心诉求，运用定性与定量分析方法，挖掘玩家在游戏各阶段的心流变化，针对性地设计并推进产品体验的迭代方案，方案需先向创始人同步核心思路、征求意见，根据创始人反馈优化完善后，推进落地执行并同步迭代进度。\n3. 全球竞品情报： 针对全球 Top 级游戏产品进行玩法逻辑研究，提炼关于产品机制、商业化路径的关键内核，寻找破局点。\n4. 游戏内核提炼： 根据体验，数据等多个维度感受游戏乐趣的内核问题，并以此指导后续的关卡设计和研究。\n \n任职要求：\n1. 核心要求：具备卓越的独立研究能力，能针对特定游戏命题进行深度思考，能根据用户、游戏特点、游戏定位来设计游戏体验。\n2. 985 本科及以上学历，对游戏底层逻辑、数值框架或关卡设计有强烈探究欲望。\n3. 对游戏研究具有探索精神和内驱力，拒绝螺丝钉型的工作内容。\n4. 对益智休闲（如三消、合成等）赛道方向有兴趣，能洞察爆款产品背后的设计哲学。\n5. 具备极强的学习迁移能力与数据敏感度，能够将碎片化的玩家反馈转化为系统的产品迭代逻辑。\n该岗位提供多个转正名额，转正后薪资范围：25-40k \n \n【我们是谁】\n北京红海无限科技发展有限公司（简称：红海无限Redinfinity）成立于2016年，是国内领先的自研自发移动游戏公司。\n公司产品立足于全球移动游戏市场，覆盖200多个国家和地区，至2025年全球下载量达30亿+。\n多款游戏进入全球移动游戏下载榜前10名。\n曾荣获Facebook2017中国出海人本营销领先品牌，Facebook2018、2019年中国出海休闲游戏50强领先品牌。",
    "skills": "",
    "welfare": "节日福利, 团建聚餐, 零食下午茶, 带薪年假, 保底工资",
    "boss_name": "黄女士",
    "boss_title": "招聘者",
    "active_time": "刚刚活跃",
    "company": "重庆亦之趣科技",
    "industry": "游戏",
    "scale": "100-499人",
    "stage": "不需要融资",
    "address": "北京朝阳区北京红海无限科技发展有限公司1",
    "url": "https://www.zhipin.com/job_detail/115f2a879d9336970nd63tS6GFNU.html"
  }
]
