[
  {
    "name": "AI产品增长运营",
    "salary": "20-40K·20薪",
    "experience": "经验不限",
    "degree": "本科",
    "city": "北京",
    "district": "",
    "description": "我们是京东科技，作为京东集团旗下专注于以技术为产业服务的业务子集团，秉承“以科技引领产业数智化升级，推动世界更加高效和美好”的使命，为企业和金融机构等客户提供全链条的技术产品与服务。我们目前已服务超95%的央企、超2500家⼤型企业、944家⾦融机构和超250万家中⼩微企业。在供应链金融领域，以数智供应链+供应链金融的“双链联动”模式，⾯向企业和金融机构输出供应链金融科技平台的技术及运营能力，助力产业链上的中小微企业高效便捷获得融资服务。在企业服务领域，基于全栈式云服务产品，帮助企业实现数智化升级。加入我们，一起用技术让生活更美好！\n\n一、职位概述\n设计并落地智能陪伴Agent的产品增长策略，搭建「获客-激活-留存-付费-传播」全流程增长体系，通过社区运营、品牌推广等方式，提升产品用户量、粘性及品牌影响力，支撑产品规模化发展。\n\n二、岗位职责\n1.设计并落地产品全生命周期增长策略，搭建「获客-激活-留存-付费-传播」全流程运营体系，明确各环节核心目标及执行路径，推动用户量、活跃度、留存率等核心指标提升；\n2.建立并维护用户社区（如社群、论坛等），深度洞察用户需求及痛点，同步至产研团队反哺产品功能迭代，增强用户粘性和忠诚度；\n3.结合产品核心功能、特色玩法，制定营销推广方案，开展线上线下推广活动，建立用户品牌心智，提升产品品牌影响力和市场占有率；\n4.跟踪行业发展趋势、竞争动态及用户需求变化，优化运营策略与产品功能规划，确保产品的市场领先地位；\n\n三、任职要求\n1.本科及以上学历，计算机、人工智能、市场营销等相关专业优先；\n2.具有AI产品增长运营、用户运营、社区运营、营销推广相关经验者优先；具备全流程增长体系搭建经验、能独立落地增长项目者加分；\n3.具备创新思维和用户导向，敏锐洞察新兴热点及用户需求；\n4.熟悉大模型技术和AI产品的市场应用，具备良好的数据分析能力和市场敏感度；\n5.对用户体验有高度敏感性，注重细节，追求卓越的产品品质和用户满意度；\n6.具有出色的沟通表达能力和团队协作能力，能够有效协调各方资源，推动项目进展；\n7.符合京东价值观：客户为先、创新、拼搏、担当、感恩、诚信。",
    "skills": "",
    "welfare": "五险一金, 补充医疗保险, 免费班车, 餐补",
    "boss_name": "刘女士",
    "boss_title": "人力专员",
    "active_time": "刚刚活跃",
    "company": "京东科技集团",
    "industry": "互联网",
    "scale": "1000-9999人",
    "stage": "不需要融资",
    "address": "北京通州区京东大厦",
    "url": "https://www.zhipin.com/job_detail/4b3077df8680f15f0nZz3N60FFdS.html"
  }
]
