[
  {
    "name": "平台产品经理（创作者服务）(A228339)",
    "salary": "18-22K·14薪",
    "experience": "在校/应届",
    "degree": "本科",
    "city": "北京",
    "district": "",
    "description": "职位描述：\n- 负责爱奇艺创作者服务，包括短视频AIGC创作、数据分析、反馈流程等，辅助创作者提升生产效率；\n- 负责创作引导、激励体系、扶持变现等产品化落地，支持优质内容产出和账号成长；\n- 深度挖掘用户需求，通过用户⾏为数据分析，以及跟踪⾏业竞品，持续推进产品迭代⽅向；\n- 与运营、设计、开发等团队紧密协作，高效完成原型设计与文档编写，保证产品落地节奏与效果。\n\n职位要求：\n- 本科及以上学历，24年及以后毕业者优先，接受26届应届毕业⽣，计算机、新媒体等相关专业优先；\n- 沟通表达清晰，具备优秀的逻辑思维、需求拆解能力、以及在复杂环境下推动方案落地的执行力；\n- 对数据敏感，具备指标定义、数据分析与效果评估能力；\n- 极强的学习能力和自驱力，目标感明确，抗压能力强；\n- 热爱内容行业，对AIGC创作有极度热情，拥有敏锐的用户理解力和洞察力，熟悉创作者生态，深度使用或者有平台创作经验优先。",
    "skills": "",
    "welfare": "五险一金, 补充医疗保险, 定期体检, 加班补助, 带薪年假, 餐补, 交通补助, 零食下午茶, 节日福利, 通讯补贴, 免费班车, 员工旅游, 股票期权, 心理咨询热线, 健身房, 理发室, 应届生房补, 员工内购, 带薪追星",
    "boss_name": "张女士",
    "boss_title": "hrbp",
    "active_time": "刚刚活跃",
    "company": "爱奇艺",
    "industry": "互联网",
    "scale": "1000-9999人",
    "stage": "已上市",
    "address": "北京朝阳区爱奇艺青春中心(永利国际)2层",
    "url": "https://www.zhipin.com/job_detail/33905a440b199f900nZ43ti9GVVR.html"
  }
]
