[
  {
    "name": "产品经理-校招/实习转正(J15116)",
    "salary": "15-20K·13薪",
    "experience": "在校/应届",
    "degree": "本科",
    "city": "北京",
    "district": "",
    "description": "工作职责:\r\n【公司亮点】\n1、业务定位：专注ToB业务，以云计算SaaS模式，提供电商ERP、WMS等一体化智能零售解决方案，助力零售企业数字化升级、提升运营效率。\n2、规模布局：2011 年成⽴，员⼯3000 ⼈，130 + 网点覆盖 400 + 城市及海外；对接 400 + 平台，融资超 4.52 亿美元，创国内 SaaS 行业单笔融资纪录。\n3、⾏业实力：服务 70 万 + 电商企业，含 80 + 世界 500 强、500 + 上市公司；连续 5 年胡润独角兽，市场份额庞大，获多项行业荣誉。\n\n【岗位亮点】\n1、业务实战：参与电商企业级软件核心业务，直面日处理 1.38 亿单的真实业务场景，在高价值、高复杂度业务中快速沉淀 ToB 产品、运营与数据综合能力。\n2、学习成长：拥有系统化学习体系与 1V1 导师带教，定制阶梯式学习计划，搭配高潜培养与开放交流环境，助力快速成长、学以致用。\n3、发展空间：晋升标准清晰，每年 2 次晋升窗口，提供专业与管理双路径；支持转岗轮岗，新人 1–1.5 年可晋升，发展透明高效。\n4、福利保障：提供完善福利，为符合条件人才提供北京落户支持；设有长期激励与破格晋升机制，实现付出与回报同频，个人与公司共同成长。\n\n【岗位职责】\n1、在导师带教下，参与公司内部产品的全面规划与设计，确保产品功能满足市场需求及企业战略目标。\n2、作为跨部门沟通的桥梁，与技术、运营、销售等部门紧密协作，推动产品从概念到上线的全过程，包括需求分析、产品设计、开发跟进、测试验收及用户培训等。\n3、持续关注市场动态与用户需求，通过数据分析、用户反馈等手段，不断优化产品功能，提升用户体验，实现产品的持续迭代与升级。\r\n任职资格:\r\n1、本科及以上学历，专业不限，欢迎计算机类、建筑类、经管类、文学等各专业背景的优秀毕业生加入，应届或在校生（目前校招与实习均有hc）。\n2、对互联网行业有浓厚兴趣，愿意学习并投身于快速发展的互联网行业，关注用户体验，对产品设计有热情。\n3、具备良好的逻辑思维能力和解决问题的能力，能够快速学习新知识，适应快节奏的工作环境。\n4、优秀的沟通协调能力和团队合作精神，能够跨部门协作，有效推动项目进展。\n5、加分项：有产品相关实习经验、项目经验或在校期间有成功策划、执行过产品项目者优先考虑。",
    "skills": "",
    "welfare": "节日福利, 团建聚餐, 零食下午茶, 带薪年假, 股票期权, 年终奖, 五险一金, 绩效奖金, 打车福利, 加班餐",
    "boss_name": "李先生",
    "boss_title": "研发经理",
    "active_time": "刚刚活跃",
    "company": "慧策旺店通-掌上先机",
    "industry": "互联网",
    "scale": "1000-9999人",
    "stage": "D轮及以上",
    "address": "北京海淀区中国外文大厦-A座A",
    "url": "https://www.zhipin.com/job_detail/308f9e925b25e03b0nd-2dq6FVtQ.html"
  }
]
