[
  {
    "name": "产品经理【校招】",
    "salary": "15-18K·14薪",
    "experience": "在校/应届",
    "degree": "本科",
    "city": "北京",
    "district": "",
    "description": "我们需要你：\n1、了解玩吧用户特点，以用户体验为目标，洞察/分析用户需求；\n2、根据用户需求，设计产品功能，完成相关产品需求文档的撰写，推动需求落地；\n3、进行产品上线后的效果分析，对产品进行迭代优化。\n\n我们希望你：\n心怀热爱才能走得更远，玩吧的价值观里，第一条是”为用户做产品”，我们主张始终以用户需求为出发点，持续为用户提供价值。\n所以我们希望你热爱游戏、热爱社交，坚持用户视角，愿意以产品岗位作为未来的职业发展目标。\n\n在玩吧，鼓励创意创新，凡是对的想法，都能够实现，可以一起探索互联网游戏社交的更多可能；\n在玩吧，上下班不打卡，工作氛围简单直接开放，我们对办公室政治/官僚主义坚决say no；\n在玩吧，有各类趣味的创意活动，节日关怀、团建活动、俱乐部活动、美味食堂等你来参加。\n期待我们一起，面向年轻人，做最好玩的线上娱乐社交平台！",
    "skills": "用户/功能产品, C端产品, 社区产品, 直播/视频产品, 商业产品, 社交产品",
    "welfare": "六险一金, 生日福利, 节日福利, 团建聚餐, 零食下午茶, 带薪年假, 股票期权, 年终奖, 定期体检, 补充医疗保险, 五险一金, 自助午餐, 弹性不打卡, 独立健身房, 试用期全薪",
    "boss_name": "刘女士",
    "boss_title": "HRBP",
    "active_time": "刚刚活跃",
    "company": "玩吧",
    "industry": "互联网",
    "scale": "100-499人",
    "stage": "B轮",
    "address": "北京东城区天恒大厦A座11层",
    "url": "https://www.zhipin.com/job_detail/c1635cc968e117171Hx92dm4FlBY.html"
  }
]
