[
  {
    "name": "AI产品运营经理",
    "salary": "20-30K·16薪",
    "experience": "经验不限",
    "degree": "本科",
    "city": "北京",
    "district": "",
    "description": "岗位职责：\n1. AI对话交互设计与语料训练\n场景覆盖： 深入理解业务场景，设计符合品牌调性与业务目标的AI对话脚本、问答知识库及多轮对话流程。\n意图调优： 负责监控AI与客户的真实对话日志，识别Bad Case（未命中、误解、幻觉），通过修正意图识别规则、补充相似问法、优化Prompt工程等⼿段，提升AI意图识别准确率和⾸响解决率。\n数据标注管理： 制定或管理标注标准，对需要精调模型的数据进⾏高质量SFT（监督微调）数据清洗与整理。\n2. AI产品效能监控与策略升级\n指标体系搭建： 建立AI对话健康度监控看板（如：对话轮次、转⼈工率、满意度、采纳率、知识覆盖率）。\n版本迭代推动： 基于数据分析结论，输出具体的 《AI对话能力升级方案》 ，协同产研团队推动模型切换、新插件接入或知识库架构重构。\nA/B Test 执行： 针对不同Prompt策略或不同模型版本进行线上对比实验，用数据驱动决策，确定最优AI表达与行为策略。\n3. 客户声音洞察与知识沉淀\n客户需求挖掘： 从海量对话中提炼客户的高频痛点、未满足需求及情绪爆发点，反哺业务团队进行流程优化或新卖点挖掘。\n冷启动攻坚： 针对新上线产品或新业务线，负责快速搭建初始知识库与兜底话术，确保AI上线即具备基础服务能力。\n岗位要求：\n1. 本科及以上学历，计算机、语言学、心理学、市场营销或相关交叉学科背景优先。\n2. 3年以上AI对话产品运营、NLP训练师、智能客服运营或相关大模型应用落地经验。\n3. 实操过 对话流程画布搭建（如Coze、Dify、Dialogflow或各类云厂商智能客服后台）。\n4. 熟练掌握Excel/SQL进行数据提取与分析，能够通过漏斗分析定位对话流失环节。",
    "skills": "B端产品, 不接受居家办公, 工具类, C端产品, 媒体类, 数据分析能力好, 用户同理心强",
    "welfare": "五险一金, 补充医疗保险, 定期体检, 全勤奖, 年终奖, 股票期权, 带薪年假, 员工旅游, 餐补, 交通补助, 节日福利, 零食下午茶",
    "boss_name": "袁女士",
    "boss_title": "HR",
    "active_time": "刚刚活跃",
    "company": "汽车之家",
    "industry": "互联网",
    "scale": "1000-9999人",
    "stage": "已上市",
    "address": "北京海淀区中国电子大厦中国电子大厦",
    "url": "https://www.zhipin.com/job_detail/95beca72426061840nd72t65ElZT.html"
  }
]
