[
  {
    "name": "AI产品经理（审美）",
    "salary": "15-30K",
    "experience": "3-5年",
    "degree": "本科",
    "city": "北京",
    "district": "",
    "description": "岗位职责:  \n1. 负责产品规划与设计，结合用户需求提升产品体验  \n2. 参与产品视觉设计，推动产品风格与品牌调性一致  \n3. 协调跨部门资源，推动产品开发与迭代  \n\n任职要求：  \n1、具备良好的审美能力，对设计趋势有敏锐的洞察力  \n2、善于沟通、按时完成上级交给的⼯作  \n3、拥有良好的团队合作精神，能迅速融⼊团队\n【我们是谁】\n我们是“春秋·⽂化智能体”建设者，致力于构建全球领先的文化⽣成与社会模拟引擎。创始人是建筑设计出身的连续成功创业者，团队正通过AI教育入口，沉淀5D（时/空/人/证/规）数字文化资产。如果你厌倦了平庸的功能堆砌，想在AGI时代亲手重构“数字文明”，这里是你的舞台。\n【你的任务】\n产品构筑： 负责“春秋·AI营造师训练营”及“时空指挥台”的产品设计，将复杂的5D文化逻辑转化为极致的交互体验。\nAI编排： 利用Dify、Coze或自主研发的Agent架构，设计具有深度文化博弈能力的NPC逻辑与RAG（证据链）检索流。\n审美定义： 协同视觉团队落地“数字青铜（Digital Bronze）”黑金视觉风格，确保产品具备奢侈品级的艺术质感。\n业务闭环： 参与“一鱼多吃”商业模式落地，打通从AI研学到文旅展陈、从智书到合成数据的产品链路。\n【我们要的人】\n1、AI原生代： 深度掌握生成式AI工具，能独立调优Prompt，有Agent开发或复杂RAG应用设计经验者优先。\n2、极致审美： 对视觉设计、UI/UX有近乎偏执的要求，能理解“建筑感”和“意境”在数字产品中的呈现。\n3、跨界能力： 优秀的逻辑思维，能将历史规制、社会规则转化为算法语言。\n4、背景加分： 建筑学、艺术设计、哲学背景，或有精品游戏、文化科技、高端教育产品成功案例者优先。\n请注意：要求有审美，有作品集让看，",
    "skills": "",
    "welfare": "五险一金, 底薪加提成, 全勤奖, 带薪年假, 包吃, 零食下午茶, 团建聚餐",
    "boss_name": "康女士",
    "boss_title": "招聘经理",
    "active_time": "刚刚活跃",
    "company": "瞳画太初",
    "industry": "互联网",
    "scale": "20-99人",
    "stage": "不需要融资",
    "address": "北京海淀区洞天深处1",
    "url": "https://www.zhipin.com/job_detail/561615afcf5ad22f0nZ72Nq7EVBR.html"
  }
]
