[
  {
    "name": "用户策略产品经理",
    "salary": "22-23K",
    "company": "某小型其他生活服务公司",
    "area": "北京",
    "experience": "1-3年",
    "degree": "大专",
    "skills": "C端产品",
    "boss": "贾先生 · 猎头顾问",
    "security_id": "r60vZs7lqD4z6-91gJIKxrIaqMxQ8q8P8jkM0AGI_0wL3nqJSrCuGyITDIFzFoPZDHz8YM1QpJZ9ooH6BP5wFGp0v95AVP0kiVLoGwqAVzY4dL17EB7h8uixTRYUfLjaPcSXZ-rJGj78DbCRNPDPX8buOs-4DWijuvg0Obi4NlIlAQVi90iv67eLZJdSDoVbQ50QaQYA5w3_PLKeCY-JtSkSHY-CS0uDuOpXYxGTo1jqFENplNQBLVlN9Mni7iqAeSPPi0mXeXvvxU0ryeODPMlUeDQr6Evwe0oquM8PQHW3MukXsw~~",
    "url": "https://www.zhipin.com/job_detail/31169406d41959740nd82t28EVdY.html"
  },
  {
    "name": "策略产品经理（推荐排序）",
    "salary": "20-40K·16薪",
    "company": "途家网",
    "area": "北京·海淀区·苏州桥",
    "experience": "3-5年",
    "degree": "本科",
    "skills": "",
    "boss": "郭宇轩 · HR",
    "security_id": "VFtCwH4i_ZK5S-Y1kf4Oiu3KjojQkzsKTV449jgsg44D9eKtGTZbwhStBcttqOT6AE-bSfF8kECsiBODuMZZlr7aa2Rbl7M91nmgg4G2GepP09gSTkd8XSdzD_Ysn2loDLOCYxslVjXpRzw6uNRqBnc1HgohpqzFUDFMGHFBJ7kS4waOkqNnpE0sLt_PFzk3zLavfD8u3dIL8TbF3EsQewDyeE7r2yBFtpMA12eDNnPBqxGFR7IdWTP3E_rcoJJqjcIMGYOMiNtmFEQ42b-dz7svKpqEYclLK-TV-S29g0THEcvXTojfK8CSkjDHMQ2Wqqlf",
    "url": "https://www.zhipin.com/job_detail/9e5877af2c01a6a70nV929W5EVZW.html"
  },
  {
    "name": "策略产品经理（内容分发）-番茄畅听",
    "salary": "20-25K·14薪",
    "company": "字节跳动",
    "area": "北京·海淀区·中关村",
    "experience": "经验不限",
    "degree": "本科",
    "skills": "",
    "boss": "周女士 · hr",
    "security_id": "S624FXdrZ5ZDc-K1deAvcpo3JQ2Rd1iezKxpqHQ2M7tDjVcYmzKC3csjTObGdsdyamed6uY2LsBxhrN6R_A-9zVUvYcLzV67ANAeuOTv5AjpO8xQK1hopqnszZyi0VaXv66bBzLv0mGj-7wChvUDx1zm5yuhkz2XeGMblsEeRWRlY4Mf2vO0HLzHWKBlD5hIwsshndFxJ0AvYgkG0f2dRD1w5mbXa-5hsVTkzXoJ4rpa1td-2jQI4G0hTcBYNF0fW5Y5FxgY6r5Nu2kc1LPOq8fRdgjexEFbkSzV500OGV3tZTo7",
    "url": "https://www.zhipin.com/job_detail/d97a7fa24c6ffaa60nZy3Nq8FVBY.html"
  },
  {
    "name": "策略产品经理（QCPX方向）-【电商】",
    "salary": "20-40K·16薪",
    "company": "快手",
    "area": "北京·海淀区·上地",
    "experience": "3-5年",
    "degree": "本科",
    "skills": "",
    "boss": "牛艳茹 · 招聘者",
    "security_id": "Zrnhui4nVf9Pe-_1ywdsDyp9vAKpC29iUBolnSXvW-TrJJN1JrFFlwjJ3127pNxGxp_vTpb8l2-9FylXa7GYnDvN63yQteC_xAAIDwBaL5OjUCTXz-m0xckFzngZ4glapLLmrlJA1Znd4ZDoT2Qhh-waTTLMVScXtDdjqgAnhEsgnELHIDAKwoRVRGFT0DH0A-UGotH-cXlH14TXt7fsMQjM3E2NxUXUD2zxPk6G8jYgE9unqso7zr130njTtxdaSCMVldmmg4ikT_HWWybPSiEUB0W3m15dq1MHMfYZD8bYPg~~",
    "url": "https://www.zhipin.com/job_detail/a8689e7a72ad2d9b0nZ829i4FFZQ.html"
  },
  {
    "name": "策略产品经理（推荐排序）",
    "salary": "35-60K·16薪",
    "company": "某大型在线教育上市公司",
    "area": "北京",
    "experience": "3-5年",
    "degree": "本科",
    "skills": "互联网/AI",
    "boss": "张先生 · 猎头顾问",
    "security_id": "ldCNac2bqXK45-81GKTUCP4t9n4IdsPOL3BCvJYmVgC4cLrBqCYeEziL-Qvhx_YXiKlnHYQw7F2PdS8DtOSfw3hYQ3312G1f7Wk6hBJkAdOJM0nBstz5pYdk1QbK6qZkcNjE1CR7wI4-A5N5P927a5SiyjlpGupakRCvls5LQN3qTYVS61BnSjl4ZMJJy1yMbTjRyYcnCobJwJccDoVlxrU8eZBQZ4SqwIuo-hiTbRnZlIbO5fSYH_5BktTfidOM5OzwUY8bmgPXJNBwHXARO-Q1dFqcX7bSDzVC60cLv586_qWpew~~",
    "url": "https://www.zhipin.com/job_detail/b149600d0ccb759b0nVz2dm1EFJS.html"
  },
  {
    "name": "治理策略产品经理-TikTok Shop",
    "salary": "20-30K·15薪",
    "company": "北京字节跳动",
    "area": "北京·海淀区·苏州桥",
    "experience": "在校/应届",
    "degree": "本科",
    "skills": "策略产品",
    "boss": "叶先生 · 电商产品经理",
    "security_id": "6Y1FtZKxuturf-g1SP7sIRDpJQ4MOWgD7hziavS7zc5XT8-WUQT_jsUSHdbpwmAZSiKH8_ewrSmcD3AnM5XBZ39giqW35bpVRzv7ZeSEgjvMIdpGTV5q81RVTd7uMRN-5NrV7FSTrcBlNTkfUV3z0bwDmPn2ZdgFGQsMZGwp-qBw330L7eA-ukh2CTFFLt1gKrZq3EHCbdguegad87ofPsaHjUKPEGDDrMw4iko3NivbJe7pZQyfQIXKZeiX1JCSvqWPiWSJdw5h5WNa04W5tOVmTsCXm71FIyIigFpmlt-H_w~~",
    "url": "https://www.zhipin.com/job_detail/2422f8ae27f1903603x50t6_FlRY.html"
  },
  {
    "name": "地图用户策略产品经理",
    "salary": "25-40K·15薪",
    "company": "滴滴",
    "area": "北京·海淀区·上地",
    "experience": "3-5年",
    "degree": "学历不限",
    "skills": "C端产品,策略产品",
    "boss": "萧先生 · HR",
    "security_id": "5CR2IWcuvklay-H1_lYqE4Qr-wmoIrMG9fsvJBtcYdDZSzH7NBhKvbc_uLYVDdGFyYmr6P0w8Q7O0NHbdr_7zSh1xefjm4p8wW7d36js6CT7OTpD975ujIVYylSqdBkrx99sZbpx-79XJ83powyjtdwh2l7WTyecZy_npQpczTE7zq5T06XVXOT3IgQJ0kYtDEgqoXmTQTu9-xLnoItj5yRlVBw4X7JwKPyQ-LeH0SJdVRa9rGfDvVeLhQ4OJkFMHXeGH0wQ_duYrGL1rRmXCuEVRuaQEPa4K8S5Sv6eMoCYL4o~",
    "url": "https://www.zhipin.com/job_detail/67b6bc8c803bb1200nd_2t--FVVU.html"
  },
  {
    "name": "高德-POI策略产品经理-搜推/大模型",
    "salary": "25-40K·16薪",
    "company": "高德地图",
    "area": "北京",
    "experience": "3-5年",
    "degree": "本科",
    "skills": "",
    "boss": "卢女士 · 招聘主管",
    "security_id": "DxtihzGPUXJuf-A1iSSY2UOX4KyubK7u5IRlNJ_tlfZ-hKR1wMZLipsnOApBq-KY4Wli7T1x5Q79bEtiILNqjr2TJ_lHWQMH5yJbDQHiRJ8oIKnRWwMHaEIzmgw7Kxi_l8RPQYYLVxp23nuaE4beZGXVb1x8Tl2kIlVvRxpAziOK4hEfujLD1fi3uHwmn-BtdOoMQTjLw2hOrNkLiMMfzKi1wbNfs85ItcVZYyoNUkOVyJACXcuiPKDj7h3kAl0cYhynTIH1ZxoL7aEqBgtuNN74RQTKJrP4nWk-tpi4DQZRLsrDPw~~",
    "url": "https://www.zhipin.com/job_detail/a92962f8ad8823d20nd_2NS7GVJX.html"
  },
  {
    "name": "AI策略产品经理 (Algorithm PM)",
    "salary": "25-50K·14薪",
    "company": "北京擎仓机器人科技",
    "area": "北京·海淀区·学院路",
    "experience": "3-5年",
    "degree": "本科",
    "skills": "",
    "boss": "董先生 · 招聘经理",
    "security_id": "RFrofNBXLSKUF-n1mkJuRrXejzwHSEFwC_BeYBVluhc9JxoKwljgDQi1Qcg54ZuC8pTbIFToH4OPf9TmiZf8D_ax2RpmY7H23oIYzPlfvPMilOfQ9ZIFaprJr-wE-1dyJaJ_-IMkutRxS3rgh2PY1tWU5pQrTclURrktia_zXDVZwA2Id_mJUHXV-BQqZlogWYo-CDQQr1syU-NjASplBb8NXWfKpLAdHFItZQnaJlGudvTsSr5BxV6G_sXrgzKnEeBINTC3z9tShR7PsKTro-4uMcUurDHvVgQxr4j4-nVEpq_VYA~~",
    "url": "https://www.zhipin.com/job_detail/314a3e08abfb266d0nZ939W6GFJU.html"
  },
  {
    "name": "策略产品经理",
    "salary": "20-40K",
    "company": "MyCoolTv",
    "area": "北京·朝阳区·三元桥",
    "experience": "3-5年",
    "degree": "本科",
    "skills": "",
    "boss": "张女士 · HRBP",
    "security_id": "zHjOQJ3lICUHO-S1ZnLhhTkVJUoH3NnVBiUL2sCYdHiFuyJAEbjIYBpuA2_miEoZlY7TNeukgUMt064sYVcpRd4D8jRVSr8HNTGwdY2ChLj-FVBefx6H-HCOn4gY-gKeCfE9NbB_UryBVNLvY30ZDE2IIrN3rV5_PnsVRYl03-7LlX_M0IJNsyvrzTPQYoY7LmUfIDgmYVP6cafCxx7zJAwdvybo0xQjDCZsl_pRdthaHFOTtU0SkGvA_Zp8LWU3GYSCqmdQKM3cgiPjQz_0QAHydO5rXZY2n79hScOWigtinA~~",
    "url": "https://www.zhipin.com/job_detail/5fdec5a9215320f30nV-2dm7FVZS.html"
  },
  {
    "name": "行业策略产品经理",
    "salary": "20-35K",
    "company": "Sigmob",
    "area": "北京·海淀区·苏州街",
    "experience": "3-5年",
    "degree": "本科",
    "skills": "策略产品,商业产品,广告,行业策略,商业化产品,广告/流量策略",
    "boss": "周先生 · 招聘经理",
    "security_id": "Czoe_pDut1x1D-s1e8Iit1T58A__sUU7e9jKE97o7ggLHXhWRwGZ7c6rVnWMo4i7YDqhgfTBwei6Mz3LLqguYC4z3xz-1_XeUXh9DSiODEq0cxqpVyMlH7CvttjKUV4IJjktsh26e6q_xu6H_fSfS1dCFeIZGRdBvTpC9BzhJjM3wKTcZcu53xpt63dSWzTbiQ8xBNb3o3_BSczqLx1xeO5gyrs9oNM6sUyUhGIMDSPyV5kuenja1zhGic2zFceibImwpua95hbxUzc5xmrlOsl8pobn-NAjZaQpnTVcgHTsTGI~",
    "url": "https://www.zhipin.com/job_detail/693e564b1e2e49d803Z-3dq8EFpW.html"
  },
  {
    "name": "投放策略产品经理",
    "salary": "15-25K·14薪",
    "company": "臻盛网络",
    "area": "北京·海淀区·清河",
    "experience": "1-3年",
    "degree": "本科",
    "skills": "",
    "boss": "王女士 · HRTA",
    "security_id": "DamdkPwn-md57-s11IIbISahVofIp9Umb5ep60_HQr5aBjrXisHpHoK4epzZ-SaVfThXO-Jtsz10MzXiSgj9VlfFg760kZFxD1ENCXq6LTk5oNE5A1o0m6dQ5s1uGWBzGDNflMCavMs5mg-bWGz-7eiYM8JvMfsFTq_quOJe3ZSPjkDNvcXVBrO5Nxfc4vS04hcvuUxkSdiZ1hr8pwCsxc5SqHSWAe0pE9ZIChsdOKhs9hbST-X0p_GKkWpGZm-yvtiR77z-4GgGCaisJK8c8fI8fwJ6gaAgyQEMoJbiVTpL1owvvw~~",
    "url": "https://www.zhipin.com/job_detail/2a5925e22d5a92ec0nR52925GVdY.html"
  }
]
