[
  {
    "name": "AI产品经理",
    "salary": "15-25K",
    "experience": "3-5年",
    "degree": "本科",
    "city": "北京",
    "district": "",
    "description": "岗位要求：\n1、结合市场分析（用户调研、竞品对标）与 AI 技术趋势，发现新的产品机会，定义具有竞 争力的产品功能； 2、深入理解业务场景，将模糊的业务需求拆解为可执行的算法技术⽅案，并撰写详细的产 品需求⽂档（PRD）； 3、作为项⽬负责人，负责从模型研发到上线的全生命周期管理，把控项⽬进度与风险； 4、管理团队中标注人员、工程人员、算法人员、测试人员、运维人员的工作推进，确保产 品按时高质量交付上线； 5、针对数据进行运营及分析，并根据数据归纳整理问题。 任职资格 1、全日制本科及以上学历，硕士优先。计算机科学、人工智能、统计学或相关学科； 2、3-5 年互联网产品经理经验，其中至少 1-3 年以上 AI/算法相关产品经验（如策略产品、 推荐产品、智能对话、CV 产品等）； 3、可以输出高质量的 PRD 文档，并熟练使用 Axure/墨刀等原型工具； 4、具备优秀的逻辑思维能力，能够将复杂的业务场景量化拆解为技术指标拥有卓越的沟通 能力，能够充当“翻译官”角色，连接非技术背景的业务方与技术团队； 5、具备优秀的逻辑思维能力，能够将复杂的业务场景量化拆解为技术指标； 6、较强的责任心，能适应工作压力。",
    "skills": "",
    "welfare": "五险一金, 带薪年假, 节日福利, 零食下午茶, 全勤奖",
    "boss_name": "袁峦",
    "boss_title": "招聘总监",
    "active_time": "刚刚活跃",
    "company": "极联股份",
    "industry": "计算机软件",
    "scale": "500-999人",
    "stage": "未融资",
    "address": "北京丰台区北京诺德中心18楼",
    "url": "https://www.zhipin.com/job_detail/1f9e2ad80d74b6630nd_2dq0FVBZ.html"
  }
]
