[
  {
    "name": "高德-POI策略产品经理-搜推/大模型",
    "salary": "25-40K·16薪",
    "experience": "3-5年",
    "degree": "本科",
    "city": "北京",
    "district": "",
    "description": "1、高德地图POI的策略产品，通过大模型挖掘、检索、生成方式，还原真实世界，为POI数据的覆盖、准确负责\n\n2、通过竞品、案例、数据分析等⼿段，持续跟踪量化收益；同时敏锐洞察、决策业务⽅向，持续扩⼤对竞品的领先地位\n\n3、负责业务和能力目标的设定，产品规划与落地，与⼯程、算法等团队高效协同，推动目标达成\n\n职位描述\n1、统招本科及以上学历，3年以上策略产品经验（搜索、推荐、数据挖掘、路线导航等）\n\n2、具备强烈的结果导向意识，根据市场、竞品、业务情况，完成目标制定与拆解和实现\n\n3、良好的逻辑分析、数据驱动和业务抽象能力，善于从数据中进行业务解读和问题发现，熟悉模型算法迭代过程（有大模型经验更佳）",
    "skills": "",
    "welfare": "五险一金, 补充医疗保险, 定期体检, 年终奖, 股票期权, 带薪年假, 员工旅游, 免费班车, 餐补, 交通补助, 节日福利",
    "boss_name": "卢女士",
    "boss_title": "招聘主管",
    "active_time": "刚刚活跃",
    "company": "高德地图",
    "industry": "互联网",
    "scale": "1000-9999人",
    "stage": "已上市",
    "address": "北京朝阳区阿里巴巴·高德软件有限公司阜荣街首开广场",
    "url": "https://www.zhipin.com/job_detail/a92962f8ad8823d20nd_2NS7GVJX.html"
  }
]
