[
  {
    "name": "策略产品经理—电商风控中心【2023校招】",
    "salary": "20-40K·16薪",
    "experience": "在校/应届",
    "degree": "本科",
    "city": "北京",
    "district": "",
    "description": "1、根据不同应用场景（推荐、增长裂变等）提出产品策略方案，推动具体策略的迭代升级及产品化功能落地； \n2、深入了解业务场景，基于用户反馈和数据分析，进行效果评估并总结； \n3、收集内外部需求，跟踪行业竞品动态，挖掘新的策略优化点； \n4、通过用户调研、竞品分析、数据分析，学习和了解业界最新动态。\n1、本科及以上学历，计算机、数学等相关专业优先； \n2、良好的逻辑思维能力，有一定的业务敏感性与数据敏感性； \n3、良好的需求管理能力、项目推进能力和团队协作能力，能够独立完成需求调研、数据分析等工作； \n4、数据敏感型，对增长玩法、裂变机制、推荐系统了解者优先。",
    "skills": "策略产品",
    "welfare": "五险一金, 补充医疗保险, 定期体检, 年终奖, 股票期权, 带薪年假, 节日福利",
    "boss_name": "白女士",
    "boss_title": "HR",
    "active_time": "",
    "company": "快手",
    "industry": "社交网络与媒体",
    "scale": "10000人以上",
    "stage": "已上市",
    "address": "北京海淀区融科融智创新园创新园",
    "url": "https://www.zhipin.com/job_detail/e2eceed6de6c02ec1Xx62Nq0FVVR.html"
  }
]
