[
  {
    "name": "策略产品经理（QCPX方向）-【电商】",
    "salary": "20-40K·16薪",
    "experience": "3-5年",
    "degree": "本科",
    "city": "北京",
    "district": "",
    "description": "职位描述\n1、负责快手电商广告的智能发券功能需求设计、项目推动以及迭代优化，能通过业务逻辑和数据分析，挖掘发券链路、模型、策略等各环节存在的问题，并提出相应的优化方案；\n2、协同算法团队和数据团队，设计完善可⾏的实验⽅案和评价指标体系，推动发券策略有效迭代，拿到核⼼指标结果；\n3、通过用户调研、竞品分析、数据挖掘，学习和了解业界动态，设计智能发券产品的中长期规划及产品节奏，并落地执行，保障产品核⼼指标的良性可持续增长。\n任职要求\n1、本科及以上学历，3年以上互联网商业化产品经验，有策略产品经历优先，有电商行业相关经验优先；\n2、优秀的沟通能力，能组织公司内多部门沟通协作，能独立负责和推进项目；\n3、负责任、学习能力强，具备很好的适应能力；\n4、对数据有敏感度，具备数据分析能力，根据已有的数据判断产品后续更新迭代的方向，有数据分析相关背景优先。",
    "skills": "",
    "welfare": "五险一金, 补充医疗保险, 定期体检, 年终奖, 股票期权, 带薪年假, 节日福利",
    "boss_name": "牛艳茹",
    "boss_title": "招聘者",
    "active_time": "刚刚活跃",
    "company": "快手",
    "industry": "社交网络与媒体",
    "scale": "10000人以上",
    "stage": "已上市",
    "address": "北京海淀区上地·元中心元中心",
    "url": "https://www.zhipin.com/job_detail/a8689e7a72ad2d9b0nZ829i4FFZQ.html"
  }
]
