[
  {
    "name": "LBS策略产品经理",
    "salary": "25-35K·16薪",
    "experience": "1年以内",
    "degree": "本科",
    "city": "北京",
    "district": "",
    "description": "职位描述：\n1. 负责高德打车点线功能（包括上下车点、路线等）策略方向，不断优化现有点线产品，减少体验洼地，为业务指标负责\n2. 要求地图类产品相关经验，有打车等交易类行业经验优先，不断提升对业务和用户使用方式的理解\n3. 良好的数据处理能力、产品同理心和沟通协调能力， 为最终实现业务需求而做出全方位努力\n\n职位要求：\n1. 本科以上学历\n2. 有打车、出行行业经验\n3. 具备数据处理的基础能力和对数据变化的敏锐观察力\n4. 丰富的产品设计经验，经历过完整项目周期\n5. 有较强的书面和口头沟通表达能力、逻辑能力、内外沟通协调能力、执行能力以及抗压能力\n6. 关注行业动态与发展趋势",
    "skills": "ETA, 上下车点, lbs策略产品, 路况, 策略产品, 路线规划",
    "welfare": "五险一金, 补充医疗保险, 定期体检, 年终奖, 股票期权, 带薪年假, 员工旅游, 免费班车, 餐补, 交通补助, 节日福利",
    "boss_name": "王女士",
    "boss_title": "招聘者",
    "active_time": "刚刚活跃",
    "company": "高德地图",
    "industry": "互联网",
    "scale": "1000-9999人",
    "stage": "已上市",
    "address": "北京朝阳区高德地图总部1号门",
    "url": "https://www.zhipin.com/job_detail/2937592f787124401Hd53dy8GFVZ.html"
  }
]
