[
  {
    "name": "ai产品经理",
    "salary": "25-30K",
    "experience": "3-5年",
    "degree": "本科",
    "city": "北京",
    "district": "",
    "description": "岗位职责：\n1. 承接公司战略与部门规划，细化大模型发展路径，制定重点赛道产品Roadmap。\n2. 对接客户开展需求调研挖掘，结合大模型技术特性完成产品设计并输出落地方案。\n3. 协助统筹跨团队资源，拆解研发任务、管控项目风险，推动⼤模型核⼼技术落地交付。\n4. 牵头⼤模型在垂直场景的试点推广，打造标杆案例并输出定制化解决方案。\n5. 跟踪产品数据与⽤户反馈，制定迭代优化方案，挖掘创新场景丰富产品生态。\n6. 配合拓展市场、维护客户关系，输出推广材料，助力大模型品牌与市场份额提升。\n7. 配合完成团队管理与文档梳理，执行副总经理交办的其他产品相关工作。\n8. 完成公司交办的其他工作任务。\n任职要求：\n1. 具备中国国籍且无境外永居，思政坚定、作风正派，本科及以上相关专业优先。\n2. 拥有3年及以上AI产品经理经验，具备大模型产品设计与落地实战经历。\n3. 精通大模型核心原理，掌握NLP、RAG等关键技术，能精准对接算法团队传递需求。\n4. 熟悉政务、民生等领域业务，具备需求分析、产品设计及全流程落地能力。\n5. 具备强跨团队沟通协作与抗压能力，可高效协调资源、解决项目问题。\n6. 对大模型与AIGC趋势敏感，有技术热情，善于挖掘创新机会推动落地。\n7. 有政务垂类大模型落地案例、项目管理经验或优秀宣讲文案能力者优先。\r\n\r\n加分项\r\n有以下行业经验：人工智能·计算机软件",
    "skills": "NLP, G端产品/政务产品, 政务垂类大模型, RAG, AI产品, 政务、民生等领域业务",
    "welfare": "五险一金, 补充医疗保险, 定期体检, 年终奖, 带薪年假, 员工旅游, 节日福利",
    "boss_name": "刘女士",
    "boss_title": "党建人力副组长",
    "active_time": "刚刚活跃",
    "company": "首都信息",
    "industry": "计算机软件",
    "scale": "1000-9999人",
    "stage": "已上市",
    "address": "北京海淀区量子芯座3层",
    "url": "https://www.zhipin.com/job_detail/8ea70f3823cb2ffd0nZ80tS4FFZZ.html"
  }
]
