[
  {
    "name": "AI产品经理（校招）",
    "salary": "16-19K·15薪",
    "experience": "在校/应届",
    "degree": "本科",
    "city": "北京",
    "district": "",
    "description": "岗位职责：\n1、参与转转C端AI产品的设计与迭代，提升用户体验与业务转化效率；\n2、负责AI模型能力调研与分析，结合业务场景评估不同模型的效果差异与适用性；\n3、对AI助手的真实对话数据进⾏质量测评，识别问题类型及原因分析；\n4、独⽴完成产品需求设计、撰写，并推动研发、设计等团队落地执⾏。\n任职要求：\n1、26届本科及以上学历，计算机技术、工业设计、心理学相关专业优先；有商业分析、AI产品或C端产品相关实习经验优先；\n2、做事踏实细⼼，有耐心，有同理心，具备良好的逻辑思维能力和分析能力，能够理解用户行为和真实需求；\n3、对AI产品和大模型应用有兴趣，但不依赖AI工具，具备理性判断能力，探索AI在C端产品中的合理应用，提升产品实际效果与用户价值；\n4、具备良好的沟通能力，和极强的执行力，能够推动问题解决和产品迭代。",
    "skills": "C端产品",
    "welfare": "五险一金, 定期体检, 年终奖, 股票期权, 带薪年假, 团建聚餐, 通讯补贴, 节日福利, 交通补助",
    "boss_name": "杜禹衡",
    "boss_title": "HRBP",
    "active_time": "刚刚活跃",
    "company": "转转集团",
    "industry": "互联网",
    "scale": "1000-9999人",
    "stage": "D轮及以上",
    "address": "北京海淀区中关村东升科技园6层",
    "url": "https://www.zhipin.com/job_detail/31f81a36dda2f3b30nZ70tW8E1RZ.html"
  }
]
