[
  {
    "name": "策略产品经理（推荐排序）",
    "salary": "20-40K·16薪",
    "experience": "3-5年",
    "degree": "本科",
    "city": "北京",
    "district": "",
    "description": "职位描述:\n1、负责途家民宿推荐产品迭代，解决用户预定民宿场景痛点。\n2、理解住宿业务用户习惯，基于用户理解和业务数据分析结果，找到用户转化痛点，迭代策略，带来业务提升。\n3、负责联动算法，运营，前端等合作产品团队，实现产品⽅案落地。\n4、及时回收策略的数据效果，对策略效果进⾏合理评估，进⾏持续分析优化。\n\n\n职位要求：\n1、互联网3年以上经验，至少2年策略/推荐产品/数据分析经验。统计学，数学，计算机相关专业或者具有算法相关知识优先\n2、理解能⼒强，对数据敏感，有良好的数据分析能力，熟练使用Hivesql\n3、高效执行，擅长高效沟通，跨团队合作\n4、学习能力，抗压能力较强。可以独立开展业务调研，数据分析，产品落地，完成策略评估报告。",
    "skills": "",
    "welfare": "节日福利, 餐补, 员工旅游, 带薪年假, 股票期权, 定期体检, 补充医疗保险, 五险一金",
    "boss_name": "郭宇轩",
    "boss_title": "HR",
    "active_time": "刚刚活跃",
    "company": "途家网",
    "industry": "互联网",
    "scale": "500-999人",
    "stage": "D轮及以上",
    "address": "北京海淀区维亚大厦海淀区苏州街维亚大厦19层",
    "url": "https://www.zhipin.com/job_detail/9e5877af2c01a6a70nV929W5EVZW.html"
  }
]
