[
  {
    "name": "【2026届校招正式批】增长产品经理",
    "salary": "20-25K·16薪",
    "experience": "在校/应届",
    "degree": "本科",
    "city": "北京",
    "district": "",
    "description": "【岗位职责】\n1、负责用户增长以及用户留存提升，能够结合自身业务产品阶段产出较为有效的玩法和策略；\n2、负责项目推进过程中的跨部门沟通，协调各项资源以确保产品持续迭代；\n3、基于用户反馈和业务数据，提出产品优化迭代方向以及把握节奏；\n4、洞察、关注、分析行业趋势以及优秀增长案例，总结沉淀经验，探索新的增长方向；\n【任职要求】\n1、本科及以上，2026年毕业；\n2、英语好者优先，有海外学习生活经验者优先；\n3、具备良好的逻辑思维能力、数据敏感度和创新思维，关注海内外热点及市场；\n4、具备较好的审美和交互设计能力，对用户心理诉求有洞察，主动发现问题和解决问题；\n5、善于思考，善于沟通和团队协作",
    "skills": "B端产品, C端产品",
    "welfare": "五险一金, 补充医疗保险, 定期体检, 年终奖, 餐补, 交通补助, 节日福利, 零食下午茶",
    "boss_name": "于女士",
    "boss_title": "HRBP",
    "active_time": "刚刚活跃",
    "company": "陌陌",
    "industry": "互联网",
    "scale": "1000-9999人",
    "stage": "已上市",
    "address": "北京朝阳区望京SOHO塔2-20楼",
    "url": "https://www.zhipin.com/job_detail/5ec0975a8182505703J939-9F1JR.html"
  }
]
