[
  {
    "name": "产品经理（校招）",
    "salary": "15-20K·14薪",
    "experience": "在校/应届",
    "degree": "本科",
    "city": "北京",
    "district": "",
    "description": "你将做什么\n\t•\t参与增长产品、产品运营、产品研发相关项目的推进与落地\n\t•\t协助梳理业务流程，发现问题，推动优化\n\t•\t跨团队协调资源，确保项目高效推进\n\t•\t跟踪数据和市场动态，输出有价值的洞察与建议\n我们希望你\n\t•\t对产品和增长方向有热情，愿意主动探索\n\t•\t做事靠谱有条理，推进项⽬不掉球\n\t•\t沟通顺畅，能在多⽅协作中快速推动事情落地\n\t•\t学习能⼒强，潜力比经验更重要\n加分项\n\t•\t有内容/社媒/增长相关经验或认知\n\t•\t有产品、运营或项⽬管理相关实习经验\r\n\r\n加分项\r\n有以下行业经验：互联网·社交网络与媒体",
    "skills": "用户/功能产品, C端产品, 用增产品, AI产品, 内容产品, 社交产品",
    "welfare": "五险一金, 定期体检, 年终奖, 股票期权, 带薪年假, 员工旅游, 零食下午茶, 团建聚餐",
    "boss_name": "刘女士",
    "boss_title": "HRBP",
    "active_time": "刚刚活跃",
    "company": "藏猫猫",
    "industry": "互联网",
    "scale": "20-99人",
    "stage": "天使轮",
    "address": "北京海淀区中关村东升科技园6号院-10号楼3007",
    "url": "https://www.zhipin.com/job_detail/9cc833549ff6b4fa0nd82t-7FlNT.html"
  }
]
