[
  {
    "name": "地图用户策略产品经理",
    "salary": "25-40K·15薪",
    "experience": "3-5年",
    "degree": "学历不限",
    "city": "北京",
    "district": "",
    "description": "岗位职责:\n1. 负责地图路线规划、ETA、路况等核心策略产品的分析与优化，参与构建面向未来的智能导航体验。\n2. 深度参与大模型在地图场景的应用探索，包括但不限于智能路线推荐、场景化出⾏建议等，推动⼤模型能⼒与地图策略的融合。\n3. 负责个性化路线推荐方向的产品设计与迭代，基于用户画像、⾏为习惯、场景偏好等维度，打造更懂用户的智能路线服务。\n4. 拆解用户在出行决策中的体验痛点，设计并优化 ETA、路线规划、路况等关键功能，提升出行效率与满意度。\n5. 结合用户需求、行业趋势和业务目标，制定产品优化方案，并推动算法、工程等团队协作，确保功能顺利落地。\n任职资格\n1. 本科及以上学历，地图、计算机等相关专业优先。\n2. 2 年以上互联网产品经理经验，有地图、导航、AI、出行或策略产品经验者优先。\n3. 具备扎实的逻辑分析能力，能系统化拆解复杂问题并提出清晰的产品方案。\n4. 有用户同理心，善于从真实场景中挖掘需求。\n5. 责任心强，具备优秀的沟通协调能力和跨团队推动能力。",
    "skills": "C端产品, 策略产品",
    "welfare": "五险一金, 补充医疗保险, 定期体检",
    "boss_name": "萧先生",
    "boss_title": "HR",
    "active_time": "刚刚活跃",
    "company": "滴滴",
    "industry": "互联网",
    "scale": "1000-9999人",
    "stage": "未融资",
    "address": "北京东软北京研发中心1-1",
    "url": "https://www.zhipin.com/job_detail/67b6bc8c803bb1200nd_2t--FVVU.html"
  }
]
