[
  {
    "name": "AI产品经理（校招生）",
    "salary": "17-22K·16薪",
    "experience": "在校/应届",
    "degree": "本科",
    "city": "北京",
    "district": "",
    "description": "工作职责\n- 负责AI应用产品的需求调研与分析，挖掘用户潜在需求，协助明确产品定位及目标群体。\n- 参与AI应⽤产品规划迭代，探索AI在内容⽣成、角⾊创作等场景的落地，优化AI生成内容及产品体验。\n- 关注行业动态与竞品，分析⽤户数据，提出产品优化方案，推动产品迭代。\n- 配合跨部门协作，推动产品功能落地，跟进用户反馈并优化体验。\n\n职位要求\n- 本科及以上在读（本科/研究生），有计算机相关专业背景者优先，工作地点北京。\n- 对AI应用有浓厚兴趣，热爱互联网，市场敏感度高，乐于接受新鲜事物。\n- 具备基础用户需求判断和产品思维，对儿童、老人、家庭场景有经验者优先。\n- 沟通协作能力强，逻辑清晰，能高效对接跨部门工作。\n- 具备基础数据分析能力，有相关实习经验者优先。",
    "skills": "",
    "welfare": "五险一金, 补充医疗保险, 定期体检, 加班补助, 年终奖, 带薪年假, 员工旅游, 免费班车, 餐补, 通讯补贴, 交通补助, 节日福利, 住房补贴, 零食下午茶, 娱乐健身",
    "boss_name": "李女士",
    "boss_title": "Recruiter",
    "active_time": "刚刚活跃",
    "company": "百度",
    "industry": "互联网",
    "scale": "10000人以上",
    "stage": "已上市",
    "address": "北京海淀区百度科技园xxxx",
    "url": "https://www.zhipin.com/job_detail/1f4b00fb467bbe240nd52du0FVZR.html"
  }
]
