[
  {
    "name": "【26届补录】策略产品经理",
    "salary": "15-25K·15薪",
    "experience": "在校/应届",
    "degree": "本科",
    "city": "北京",
    "district": "",
    "description": "美团·酒店民宿·策略产品经理\n【岗位职责】\n1、从理论到落地的演进：在行业从 Rule-based 向 Model-based 演进的关键期，你需要将前沿的运筹优化理论转化为可落地的数学模型，参与从“问题定义”到“策略上线”的全过程。\n2、机制设计与博弈：将经济学原理应用于真实商业战场。参与设计自适应市场供需的动态定价机制，解决多方博弈下的资源分配效率问题。\n3、构建反事实评估体系：这是统计学在⼯业界应⽤的皇冠之⼀。你需要解决定价领域的“平行时空”难题。独立设计基于因果推断的评估体系，运⽤双重机器学习、DID、合成控制等方法，回答“如果价格不同，收益会增加多少”这一难题。\n4、AI 领域探索：我们在尝试构建可信的定价决策系统。用可解释 agent（XAI）白盒化模型，用Codebase Agent 实现业务逻辑的自我诊断，用 Multi-Agent Simulation 评估策略、最终驱动端到端的定价 Agent。\n\n【我们需要这样的你】\n1、专业背景：计算社会科学、计量经济学、生物统计学、经济学、数据科学、运筹学、统计学、商业分析、管理科学与工程等优先。\n2、科学思维：对虚荣指标有本能的反感，能接受模糊的正确性，理解因果推断原理，能清晰区分相关性与因果性，具备在复杂噪声中提取信号的能力。\n3、沟通与领导力：能够用数据和逻辑链接算法团队与业务团队，在模糊的现状中通过严谨的分析找到确定性的方向。\n4、有从复杂业务中抽丝剥茧的耐心，愿意为长期正确的事情耕耘。",
    "skills": "",
    "welfare": "交通补助, 生日福利, 节日福利, 高温补贴, 免费工装, 有无线网, 团建聚餐, 员工旅游, 带薪年假, 工龄奖, 法定节假日三薪, 节假日加班费, 企业年金, 底薪加提成, 保底工资, 绩效奖金, 年终奖, 定期体检, 意外险, 补充医疗保险",
    "boss_name": "鲍先生",
    "boss_title": "产品负责人",
    "active_time": "2周内活跃",
    "company": "美团",
    "industry": "互联网",
    "scale": "10000人以上",
    "stage": "不需要融资",
    "address": "北京朝阳区望京数字创意园B座",
    "url": "https://www.zhipin.com/job_detail/0fac29272e11b6120nd73dW_FVNQ.html"
  }
]
