[
  {
    "name": "增长策略产品-番茄小说",
    "salary": "20-25K·14薪",
    "experience": "在校/应届",
    "degree": "本科",
    "city": "北京",
    "district": "",
    "description": "职位描述\n番茄小说是抖音在2019年推出的免费阅读产品，致力于为读者提供优质的阅读体验。番茄小说拥有海量正版⼩说，涵盖⾔情、都市、⽞幻、悬疑等主流网文类型，以及⼤量热剧原著和经典出版物，支持用户看书、听书。\n\n1、参与小说、短剧等核心内容体裁的激励增长体系搭建，通过需求洞察与产品设计，直接撬动用户规模与时长增长；\n2、基于用户行为数据分析与体验洞察，设计高转化激励策略，优化关键指标（如留存率、付费率），推动方案落地验证；\n3、关注行业市场及竞品动态和趋势，定期市场调研，针对不同用户、产品形态持续分析观察，并产出有效想法；\n4、跟进项目，协调和解决各类日常项目的推进落地。\n职位要求\n1、2026届本科及以上学历，计算机/统计学/心理学背景优先；\n2、深度网文/短剧爱好者，熟悉用户增长经典案例，有大厂策略产品实习经历者加分；\n3、用户洞察力&产品设计力双修：能精准捕捉用户痛点，并转化为可落地的策略方案；\n4、“增长黑客”潜质必备：强好奇心与系统思考力（能独立拆解行业代表APP增长逻辑）；强执行力与推动力（主导过跨团队项目者优先）；渴望高速成长，目标驱动型人格。",
    "skills": "",
    "welfare": "五险一金, 补充医疗保险, 意外险, 定期体检, 年终奖, 绩效奖金, 股票期权, 带薪年假, 餐补, 团建聚餐, 住房补贴, 家属自选保险, 家庭关爱假, 免费健身设施, 年度体检, 就近租房补贴",
    "boss_name": "周女士",
    "boss_title": "hr",
    "active_time": "刚刚活跃",
    "company": "字节跳动",
    "industry": "互联网",
    "scale": "10000人以上",
    "stage": "D轮及以上",
    "address": "北京海淀区抖音大钟寺广场1号楼大钟寺",
    "url": "https://www.zhipin.com/job_detail/fe0759d4babe15df0nZ-09y4FFJX.html"
  }
]
