[
  {
    "name": "数据分析师 | AI赋能 · 用户增长方向",
    "salary": "20-40K·16薪",
    "experience": "在校/应届",
    "degree": "本科",
    "city": "北京",
    "district": "",
    "description": "（测试岗位，请勿投递）\n对你的规划：\n- 短期：单项目owner。分析用户路径、服务模式与留存痛点，为业务策略提供实时决策支持；开发AI工具提升分析效率，减少重复劳动，专注洞察挖掘，释放认知空间。\n- 中期：多项⽬贡献者。设计 / 优化指标体系，沉淀可复⽤发现问题⽅法论，并成为增长方向的知识库维护者。\n- 长期：模块owner。沉淀分析思维及技术，构建个人技术壁垒。与产品、算法、研发多团队深度协作，从数据分析者成长为业务合作者与策略推动者。\n\n我们希望你：\n- 有良好基础：本科985/QS200学历，硕⼠985/QS200优先，统计学/数学/计算机类专业加分；\n- 有分析经验：参与过数据分析项目，熟悉互联网业务，有用户增长或AI产品经历更佳；\n- 有技术能力：熟练使用 SQL、Python，能独立进行建模、AI 应用开发；\n- 有探索精神：对 AI 分析感兴趣，最好有 Embedding、 Prompt、Dify 应用经验；\n- 有成长潜力：逻辑思维清晰，数据敏感，自驱力强，能与产品/研发高效协作。\n\n你将收获：\n- 深入一线业务的影响力：你做的分析会直接影响产品策略、业务决策；\n- 领先的分析技能：不仅精通 SQL，更掌握 AI 驱动的数据分析方法；\n- 个人成长快速：工作挑战足、节奏快、反馈快，能迅速积累实战经验；\n- 开放靠谱的团队氛围：我们重视协作、追求成长，也欢迎你带来新思考。\n\n如果你期望每天重复做日报/看板、出数据需求，那可能不适合；我们期待的是推动策略和结构性洞察的分析师。",
    "skills": "",
    "welfare": "交通补助, 节日福利, 住房补贴, 餐补, 员工旅游, 带薪年假, 加班补助, 股票期权, 年终奖, 定期体检, 补充医疗保险",
    "boss_name": "杨亿奭吉",
    "boss_title": "招聘者",
    "active_time": "本月活跃",
    "company": "BOSS直聘",
    "industry": "人力资源服务",
    "scale": "1000-9999人",
    "stage": "已上市",
    "address": "北京朝阳区冠捷大厦10层",
    "url": "https://www.zhipin.com/job_detail/5874f0ce89c3580e03x42Nu5FlBV.html"
  }
]
