[
  {
    "name": "AI产品增长运营",
    "salary": "20-40K·20薪",
    "company": "京东科技集团",
    "area": "北京",
    "experience": "经验不限",
    "degree": "本科",
    "skills": "",
    "boss": "刘女士 · 人力专员",
    "security_id": "zLn6-q92QTs9T-k1HRerqR_6X7LsPrQOcEzjofqmAbQc5qk20GoAyVlVYOI0BeFCFB2Dorvp4KhqGLxqSDXGE_fMjeLwQ5vd2HT83JmjeLKm6dmsVui7u408jMVBq3toORNlm6PXWOxYtvJme-ECcl0duU9DWtFpr6Pkvsoq-98lpQwZ5ApnTxLPXs77zPMjWsope8ve5hcPTTBE8xL7_UjyQz2xwhd0Mq1hlOA1s1L3xcOMoKy3U_IMNTUAjxapouQ0-UfEEnOPv7cbIVLJEMgyobxpnO4QvHKQ2xqflK52T-CbKkU4eE3i14XJkd3KdLXt1hxFzCk~",
    "url": "https://www.zhipin.com/job_detail/4b3077df8680f15f0nZz3N60FFdS.html"
  },
  {
    "name": "AI产品经理-NB",
    "salary": "25-50K",
    "company": "Classin",
    "area": "北京",
    "experience": "经验不限",
    "degree": "本科",
    "skills": "B端产品,AI产品",
    "boss": "谷女士 · hr",
    "security_id": "EZ8eM4ghkTrba-41wHXB5JzeHLwCO424xtUJu8GNbvwrKh9i5OaLq_MiMje4K6k6X92xke2hxWu8Rh2gxqHv1KqXFzPKg6akBKXe2G2rlF6y8sfcmemFdhJBj3OtPtRXCZ64ohTXqjmpspbTG7xNitX25OIMdBKrGzByfXjA1OZlDXbDzxaClBCgVFwWxBH6KQVK1PrnCThShNCbTO302_UdiyAIAitU0ZAJKv4gNNBWHG9yaIUD04alU4n6gNGIv0QaQgOxcJ7jN8iRaw5f94VTCi1fniW7T8dasK4_AeA8H_s~",
    "url": "https://www.zhipin.com/job_detail/17fede31c764cee20nd43d-6GFFS.html"
  },
  {
    "name": "生鲜AI产品经理",
    "salary": "15-25K",
    "company": "美菜",
    "area": "北京·东城区·广渠门",
    "experience": "3-5年",
    "degree": "本科",
    "skills": "B端产品,语义类AI",
    "boss": "李女士 · HR",
    "security_id": "zKYUmuyJz8Jfx-z11C0FCKw7RDscMxLu_9c0t_59dmtM851sF9kzA0AsfmqXKuhOUKxpz9qGW018HFzskLqnq9dAM23QtOWCm9dAZ0dk8--cPKBww2MOyXah3d8O4VuQFYNl-ZzGEw4t8O1lE6xzyr2CyOlFQ_DMu_klu8jWSaD_s4bXPC7V38EDsk3j2mfzQpruJvqTPcwZsyCT0Vqwm-ojspZakdg9CbgRYz9MbugYCxjrJv-MlzlalSs6woJhkJjF7MKqN5UuhYbJG80TIb5FWXXonwUyj38fCiTcmK_RyXty93zelLMUdqxdS9dMAbUi5DZmw9Q~",
    "url": "https://www.zhipin.com/job_detail/98e2f32ffe6a69450nR92t65EVRW.html"
  },
  {
    "name": "ai产品经理",
    "salary": "25-30K",
    "company": "首都信息",
    "area": "北京·海淀区·学院路",
    "experience": "3-5年",
    "degree": "本科",
    "skills": "G端产品/政务产品,AI产品,NLP,RAG,政务、民生等领域业务,政务垂类大模型",
    "boss": "刘女士 · 党建人力副组长",
    "security_id": "g0T78JEIT9cCg-g1bS4-zlQZCYrpxVXbPbPhhEariXO6YZpdv6wA4D4fMwVYIlTYGdDb9qYws5Gs_iW6RZ-zbjJ7bl7vUQRL3COtb589eSm5dnKBoxX2oOfnMoKIg6az89II8Er-DVYFs9YApc93edOm8jdP60nl_PqANZfWImfHjNxPU4vCS-XIx7N4D6nRkWBdVYZaPDKhhnfzL9JDzNObgesDmfml-Dva_9DAgUMjgkZ-LlYE43X6w5cvChtKcb16EJgpGza_FOD1yaRCNFxHIv1bp87SVqE0XZiZx7QCv0BzwclcFz0xcRUZ97QbZ6w_xpCS",
    "url": "https://www.zhipin.com/job_detail/8ea70f3823cb2ffd0nZ80tS4FFZZ.html"
  },
  {
    "name": "ai产品经理",
    "salary": "20-40K",
    "company": "翼视界",
    "area": "北京·朝阳区·朝外",
    "experience": "3-5年",
    "degree": "本科",
    "skills": "机器学习类AI",
    "boss": "程斌 · 人事总监",
    "security_id": "EbOS2WOA2bEoI-a16omws1eUkYm119X27tAZG_SCxoKp2Z4dm5nQuu1OJcWUILkSxvL6tMTy5yGCvlCAdLV0YbGGMCBdAKcC6wlqs59VLKtlxdkeT-lxbSMjgKunnvbRBn1NyMI7ABRrNDqYOo9xHtFgSFL8ntsjDT4aeLBdUZ3MoWAqAHEP08nf6u_CINnF7r6tlkgYf3hOjUBTarY8jMKvqW04dKUApZIc0-cn34KxsGbnUhjrZMtw0t53reB99WQwNiPwzSgu9UwEyfWgJi9zBTnnq5KguB5ohzKNHryf5F4BNRUWiYiLXvXYEp2Ko05OwdA~",
    "url": "https://www.zhipin.com/job_detail/ce3b9e61dc4673a503R63Nu5FlJQ.html"
  },
  {
    "name": "AI 产品经理（内容安全）TikTok 安全产品",
    "salary": "50-80K",
    "company": "字节跳动",
    "area": "北京",
    "experience": "3-5年",
    "degree": "本科",
    "skills": "",
    "boss": "王怡 · 招聘者",
    "security_id": "4jczvNguozdpx-h1fhOeNlG4XEqrG3o5LblzXdrj-PnwpRJnCH_LDc0POXBESEXxnovNfw0sV5WlVqHQVqRxEMHmuA7T6xiP9nYFlX5lO0QVH1FFeoXECWP4Eb_ljfJvpPUTxtGeBIUS3seR0TI-X8AZssmQDvet79ovKqjGTGjw1zxoyvTdKAXYmOPxVOsLMNbUbXidDEuAViITe7Pxi_kcFNo0E1YjZoPjTBROdDuzATItw0k9NFzvTir98ZA6Y3tfBxxFtMAfGnULrt-sdLKpSipoz6AbneX5I5gmOATodSL1",
    "url": "https://www.zhipin.com/job_detail/49e9bb0de1e5049f0nd53N64ElBV.html"
  },
  {
    "name": "ai产品经理",
    "salary": "20-30K",
    "company": "北京某大型学前教育公司",
    "area": "北京",
    "experience": "3-5年",
    "degree": "本科",
    "skills": "",
    "boss": "吴倩兮 · 猎头顾问",
    "security_id": "ueFi6as9asLZm-f1ETiSm3AY9QunESMrm3WIR7SdZHvIKofkgZZkyFau7lVCMXCRPolzX3axCw0Zi578SJIEM8yNLTQK0o1A34be0jZhDo24vo2A3JPWa2brpCPLT3ETwOAqz2yKKT3_0deaMmstuMi0EIpUwU2FhutSVP2_4xu0tant0gY1GxOXQ8C8lUhMQX-NNEVuAD3mBIVcRfcK_NOv4qx6JEyZvEMeIM19vafrqA3zmN6d1AcUNSnDCFjgsfIVJRx8bq_JafxaEhKdE8aXxIkIC7NXqTsC4XCIlEyib5mu",
    "url": "https://www.zhipin.com/job_detail/f8b22ec60c872a000nd52tu_FFNR.html"
  },
  {
    "name": "元宝- AI产品经理（功能策划）",
    "salary": "25-50K·16薪",
    "company": "腾讯",
    "area": "北京·朝阳区·亚运村",
    "experience": "经验不限",
    "degree": "本科",
    "skills": "",
    "boss": "吴先生 · 招聘",
    "security_id": "OMAeeuaZcETM4-Z1iEtbT9MiXYNHCke3VrhjITR7UwXxkoEB7dfJKoO3wHHUNWiIi9G6bfgf5rs35dUx6EmnhIbB4p4s5kNTcax2la67-3N1bs-YeDYF3FapcX5WHdamK40v0b5aGgKpgLDsNWdungVr7VlyOauhQEEjDK-nWh4uUOWO4kkjO49TTOYJWlRLUEWAFJ_1liKBBVG_xM0xpJm5h1fweysQ1kTawnOB-ofSVwoHK4A0TiohSeqlR_0S4D-A2KlvBC_weQuMvAY_SxhHuzzSYdYIuJhB74-kB5EKk0IO5w~~",
    "url": "https://www.zhipin.com/job_detail/f2bea4b5e0c49c180nZ_3Nm1FlNZ.html"
  },
  {
    "name": "AI产品经理（审美）",
    "salary": "15-30K",
    "company": "瞳画太初",
    "area": "北京",
    "experience": "3-5年",
    "degree": "本科",
    "skills": "",
    "boss": "康女士 · 招聘经理",
    "security_id": "k3xoN0iPUpqX8-p1xGj0SItPpPQijT2xNoXmE45h7MBXJAw46cWp3Kh31d8OaNxqYEdu05vG5UHyc7ZU4jCnCpwKqKCXXJy3a6kJpgFnDIMiZ_-GLegGpO9U9M996Se5R_MjB8TQk6k7wy0QP_R_NzZQSdjcJPx7ykve6ROKGLtlq6aNK3jfcS35xqDoFX0YWDywWqkr5gP7UdRk1rLNgBfsZXZr0ycLzEEBETAS9fe8bOH39Pw-jMPLca52jJK58Ts9iif7UJy-z-EAzOgVvOkpD4CS2YjZJwNlo9iDHR0ZpZU~",
    "url": "https://www.zhipin.com/job_detail/561615afcf5ad22f0nZ72Nq7EVBR.html"
  },
  {
    "name": "ai产品经理社招",
    "salary": "15-20K",
    "company": "知页简历",
    "area": "北京·朝阳区·大屯",
    "experience": "1-3年",
    "degree": "本科",
    "skills": "",
    "boss": "李先生 · 测试",
    "security_id": "GqgRAhuuv7sh5-e1ysXjFtpT4N4t7x7fdeStntlwnix1LOreLzphIguREYuFFHjZPsH4Ej5uT8CJqNrHPtg8GpDjmfYYLQnCSPmfGtzcbuEFdVffrM_ljQpK9IaEVZtjVGm5iJUtTDfdSTi7j2sIf-DsYSx0spDg-8xepZjaOqlBz-mdDxA3-CdToUPndd976mSYlxUUsdlQP1tzKuQuYgfXKBscp66vtf5AEC6A8PkdgqMvVNOlA89HTr2IN91yvn0pZ808pCjPiNT4UxB8xMILNKqwJ97iT8IsunawR_mHtUk~",
    "url": "https://www.zhipin.com/job_detail/aa0904f7746381690nd42tS-GVJX.html"
  },
  {
    "name": "AI 产品经理",
    "salary": "15-30K",
    "company": "智盟云",
    "area": "北京·朝阳区·朝外",
    "experience": "3-5年",
    "degree": "本科",
    "skills": "AI产品",
    "boss": "周女士 · 招聘者",
    "security_id": "jIGnbdz4S2HLm-X1_b1iDeIXKNZN9H9xgBkT0hOHSD_IsQFFhX38JtsMD71mIJcVMCgcGLb4yYRBnVLa9bccQWI-pjDtSfP1CvKYWYYufNOmGty5jGU752utl813o4Dt57xR1gHUl1K4fR5xqVQA2p1AgEqp15KXa1cAxe4YxkLQJactvQrY-vDtRlmi9s2woiYNLpmQ3aVxc0wesbX_BLPEh5oN7hR7enrUJC3rxFUnzXy0q9sVLgcl5-BjMMYJLnGomXpjpOBMeWwiIncibIAG7vqyHYJm5t71WIzdDDhxqilk2g~~",
    "url": "https://www.zhipin.com/job_detail/e3639155162d845b0nd63tq8ElVZ.html"
  },
  {
    "name": "AI产品经理",
    "salary": "15-25K",
    "company": "极联股份",
    "area": "北京·丰台区·花乡",
    "experience": "3-5年",
    "degree": "本科",
    "skills": "",
    "boss": "袁峦 · 招聘总监",
    "security_id": "GPvYE5EJvEBov-d1vPlgbAd0hNAvWa_xRxgx3qMA0JpLyvVk1wtGq5RuIWfCupNJ-CyMZVqok66eoExEJybT9Y1bn33SLPyRdV3D_zizHH3ZXm3I6R4ceEcVeWLyxCqLYs3wDXH3kTmBV14gRo5A1Un5RMUen8NUxINEH_CyRY2Cx4FEyA_OGBDVmyr0FXQa5YwKW7X8ZACw1DxityvEO4PQM7_6RhR2UUEwVnUsvmsLCio3ilPIWGTNHi25zORQi6hpQSOq1ekhxbarLFBJsmM8Jm1B2dUNOEPN8SCIRfxNCFA4",
    "url": "https://www.zhipin.com/job_detail/1f9e2ad80d74b6630nd_2dq0FVBZ.html"
  }
]
