[
  {
    "name": "元宝- AI产品经理（功能策划）",
    "salary": "25-50K·16薪",
    "experience": "经验不限",
    "degree": "本科",
    "city": "北京",
    "district": "",
    "description": "岗位职责\n1.负责元宝主对话功能的规划和设计；\n2.深度理解大模型等相关技术发展和能力边界，并在产品功能的设计中充分展示模型的智能、拥抱模型的不确定性、并保持随模型迭代的扩展性；\n3.挖掘真实场景下用户对 AI 产品的真实诉求，并在该垂直场景下将产品路径做深做透，与市场产品对⽐能形成差异化价值；\n4.对产品体验有极⾼的敏感度。\n岗位要求\n1.有深度的AI ⼯具使用习惯，对AI产品有热情，相信AI将成为下一个时代的⽣产力；\n2.对新事物有好奇心，对不确定性有探索欲和挑战欲；具备出色的学习能力和联想能力；\n3.有自己搭建过AI应用的经验者或参与AI相关竞赛者加分。",
    "skills": "",
    "welfare": "五险一金, 补充医疗保险, 定期体检, 年终奖, 股票期权, 带薪年假, 员工旅游, 免费班车, 餐补, 交通补助, 包吃, 节日福利, 住房补贴, 零食下午茶, 公仔周边活动, 免费健身房, 免费早晚餐",
    "boss_name": "吴先生",
    "boss_title": "招聘",
    "active_time": "本周活跃",
    "company": "腾讯",
    "industry": "互联网",
    "scale": "10000人以上",
    "stage": "不需要融资",
    "address": "北京朝阳区亚洲金融大厦1",
    "url": "https://www.zhipin.com/job_detail/f2bea4b5e0c49c180nZ_3Nm1FlNZ.html"
  }
]
