[
  {
    "name": "用户增长-麻将方向",
    "salary": "15-25K",
    "company": "途游游戏",
    "area": "北京",
    "experience": "在校/应届",
    "degree": "本科",
    "skills": "游戏商业化经验,休闲,手游,玩家运营",
    "boss": "吴娇娇 · 人力资源主管",
    "security_id": "Tu9YRFGe2CuGn-21tCQG96AIU2Ha68gciQL43I1CYQvtUlGniBIMO1p2grt4I_E_dENVz7X1SETyPQW6pkkknl0SLtbYCjNLTbRVHjLldLbyL_Cv63KourEJjYO4Zp3QcPeItstR4Am39tMgSxekRsaaYEHBkNEhJkEWBKuPeBkHHcGgTQReg2KOYcynIvpWCFT-TT0Rx-YuVUhMxL2mKQslx4Qonl0MTFynwYAavcQhHmdzWAcj_O2IbtckCD5DoT47Ujbs21LEEyeXDFSClxu1aG8kQGc-oTkUxBATukIdBA~~",
    "url": "https://www.zhipin.com/job_detail/49138f4f1229624b0nZz29i5EVpS.html"
  },
  {
    "name": "增长策略产品-番茄小说",
    "salary": "20-25K·14薪",
    "company": "字节跳动",
    "area": "北京·海淀区·中关村",
    "experience": "在校/应届",
    "degree": "本科",
    "skills": "",
    "boss": "周女士 · hr",
    "security_id": "HHVR2QEvPR91i-E1Y2m4udBaaVC7bAPgFbUO-CwT5vsHi44sHd7BZbNe6yyDXdP5paWHXEPBP4Ib6lUGM25NwHrpR3sSJLrB8Cd52CG22YVXjUJoOM4NcKIk-GhdPdkgaRq4so18GIBJv6uFn5jL2aUrsJl78kObrlcPlU-PGtpbtFvFeFupRAmtHQ0Q9qEpD8ZahBuhoPYiCtRzBVKAjafhdjpjJfHyFVMQQIqGMKoQh6MrFwNa0QqLHNOituCA3oO1dhqrhFWspfeQTLlf_H8SkqY-aqRIpzSJXUao5jChWmxN",
    "url": "https://www.zhipin.com/job_detail/fe0759d4babe15df0nZ-09y4FFJX.html"
  },
  {
    "name": "数据分析师 | AI赋能 · 用户增长方向",
    "salary": "20-40K·16薪",
    "company": "BOSS直聘",
    "area": "北京",
    "experience": "在校/应届",
    "degree": "本科",
    "skills": "",
    "boss": "杨亿奭吉 · 招聘者",
    "security_id": "KAsKgtKNbf-kD-T12g0YHpManDLh2MhWLotKOv2BJHmIknJ0SWGoSlEYq2DM_FaHdsdl_XO_jV3Z3mLUC2qpY1dH5rnr1l02h36T7Pt0P19RMCFzUxRbIv8PqoTDCGSEWRFPPT6vs9FHIeka8M7oapS7_WevV02_M58Ncvz7Sl0iRWdnh3jD9zuqVuOUu3vLV70fujf6iVyBOkRxZCYSfMCZZzAUTAClWgkGy59xSPR_u90o2gCRWryiO3IrKWWKkaD2gTkzF94kZur1DFtsHYJc9VqUoCBOfN3WMaDsEw~~",
    "url": "https://www.zhipin.com/job_detail/5874f0ce89c3580e03x42Nu5FlBV.html"
  },
  {
    "name": "用户增长策略运营",
    "salary": "11-18K·14薪",
    "company": "易点云",
    "area": "北京·海淀区·上地",
    "experience": "在校/应届",
    "degree": "本科",
    "skills": "精细化运营策略设计,用户画像与分层,B端用户,不接受居家办公",
    "boss": "李女士 · 招聘专员",
    "security_id": "_DAaKuNWdNZbC-41BRfkYswRdbVlszchIHrCmEOaLiPm4IJdhWt3yzOIWCBLndHk30hF4lex_GCBVNmUxJkCNSFAERfjgJNldaUb_pHy_edzck-mULHt7b7KY4jh6hhkfcQNRrEKbsgRY6pVOExF6dJBD_0OGh81Anup0SX9qhXzGUJbN822h9QrOIe9YveEiWKrIn8xPSOu1YES6zubw8yHN3NPkanxsdNeHYQfPvUwTTxdNyw4yXBZLORluOjNiaR_QdA-BoKbjDGOsKt-1uzZgjQf1RjixXiQu5vOLOyW__Y~",
    "url": "https://www.zhipin.com/job_detail/8d0f426767c24a860nd-0t--FlBQ.html"
  },
  {
    "name": "【2026届校招正式批】增长产品经理",
    "salary": "20-25K·16薪",
    "company": "陌陌",
    "area": "北京·朝阳区·望京",
    "experience": "在校/应届",
    "degree": "本科",
    "skills": "C端产品,B端产品",
    "boss": "于女士 · HRBP",
    "security_id": "ko7F1nrdgZUFr-I1sQEwAAio5atklGoakQg50pmyBCVtCve5WK3DUNa58v0lRzY5e817EvxoGfnLoaxN807_n1Zu7f75LB9-gvJ7GsmJdBzEtS5fGsxyv8kNO1vO7DelvY19dfIGxB8Y-xUYgeJXfnKEbcHu1KQvRn-RQOWN3UUJRVQijQdwOXGXEn1chrj8vr6UuAjaHzaOfFwVpbwCUJT6PoqUMtHxTT2zhb6dhawHEE_eQ9j9ikLNUb7ZBrNeSeIr6H-O45T7cItMqhHwu0J0URGeNDtUB830kryeh_ylpcryitu5E3fizSlMKaiXXRPQYuc~",
    "url": "https://www.zhipin.com/job_detail/5ec0975a8182505703J939-9F1JR.html"
  },
  {
    "name": "26春招-用户研究[北京]",
    "salary": "面议",
    "company": "作业帮",
    "area": "北京",
    "experience": "在校/应届",
    "degree": "本科",
    "skills": "运营、用户运营",
    "boss": "高女士 · 高级招聘hr",
    "security_id": "JKA4nnd9CKVds-X1b-mtcad0YXbtl6bVmouk0t3yxH5EEQbU-vvVWYAbWjFwhGh3Ak3LjMUrNF_vwl0M5wJwyv63TuQJiCel9TU2i6TOTkDlb0VOZtUJEzNoku_0ssE8c7YroPjC3iaUJQwQu8Q2key2vXsJw-iSKyCNHyG30YzuHZxcs1ldSZITKjRWRPBti6PczudEkdSBMkyH-fPIAaRZq1BajwkWFETIo5ykMsT5vnF_LS21QPxpQFp-1CkHLe35UwtmimXY0bHXHATZ3oVMT-aSFkI2W7ydUrx7I7TAudE~",
    "url": "https://www.zhipin.com/job_detail/a611b6177f42bcaf0nd-3ti8EVVT.html"
  },
  {
    "name": "抖音-社交-用户增长-服务端开发-校招/实习",
    "salary": "25-50K·15薪",
    "company": "北京字节跳动",
    "area": "北京·海淀区·中关村",
    "experience": "在校/应届",
    "degree": "硕士",
    "skills": "",
    "boss": "金轩宇 · 服务端开发工程师",
    "security_id": "uzfXNICSfA58i-T1A6KMgf18D8lygVFcKchTZvsRJSCKYk7-YLESkgpZ5mO_mzEBtLlo9PsDoYBWNHi0kRQjyfZPFKJlxADJFdTxdJAc9GyFMe7QDfXDma6LxggAGeZnusr1VMT-TqJyXtvVC13dLS8j17q5s-hrTiXWKHMdjLiL3p65S4ecbgdkPHx1LhuFzcXEa95XDrycvlL5P8wd6_sR2lNeXnsTfiq83O2BxqTI1k6tJBqvk-6ylTtgRkxE7kGToIcqxhcrIBgLko0O07v1qkxllbH-ZOYVGME3NX-wiQ~~",
    "url": "https://www.zhipin.com/job_detail/19222cb5d5207cbe03Ny2t69EVZS.html"
  },
  {
    "name": "用户增长产品经理",
    "salary": "14-18K·16薪",
    "company": "水滴公司",
    "area": "北京·朝阳区·望京",
    "experience": "在校/应届",
    "degree": "本科",
    "skills": "用户/功能产品,C端产品,用增产品,金融产品",
    "boss": "卓先生 · HRTA",
    "security_id": "jzynniYcDzScd-i1VpmdZZohMOhJMgGs-ibAY-JS89HAoaK5IZcbDa4lnjv4Z-Klc4betJgTVIgq32WJy6u5QNFhz6WuH89MjGhcJtbbnqHBfLISvMmpO2Kw2WYWVm1Ywx3I6k0jW7R0LxM7G2SV27rzAXXA1vosjW_KvMgWzlg4FZYwt2nbn9iS4UQxlCoguwAn5ktcJQdzv7AKS92Nx-OGXT7cG1T9GxPrIJtcF5KO9dSyD2KF3yDD9fxiHbyr-IiWUIGLmDRBISVwsGInSW9Cz7oCcYDbYwHQc8PdjrCQ8pNQ",
    "url": "https://www.zhipin.com/job_detail/496c09fff0d9ac0c0nZ60t-8GVpS.html"
  },
  {
    "name": "游戏广告投放（UA/用户增长）（J13466）",
    "salary": "10-15K·14薪",
    "company": "点点互动",
    "area": "北京·海淀区·中关村",
    "experience": "在校/应届",
    "degree": "本科",
    "skills": "接受无广告投放经验,海外广告投放,游戏广告投放,媒介/媒体资源方,SLG,休闲游戏,韩语,英语,日语",
    "boss": "梁女士 · HRBP",
    "security_id": "y1wkcKwzfe5zS-R1j1ZZgRnekCuZ8gnOkVkxbSIKGmPUXGsgSNDO6pX9zcnbaYjpr8YtLBDk_7weTgdj6Bp2mc2pNNOlgnHC-VSfmrJhxdk06_FAGVl1YYZBH1QuIE6FXySjYqNSWR-ba_aPBnxQhEByLqdporN4miB-FA7rcO3RqizByetScL_EGX7FeMODMRtRnHkCOWNcqMPpkIQrCyXU0c-3V1G4vwnsZQo4yYtGDAu0YGrLKImDSe_j0wMNPQuC-WpgdX_36_ZS8fWlcWkB0nqeCLHU0YMRbYexH9hRaaah",
    "url": "https://www.zhipin.com/job_detail/7afea0e8303914e00nZz0tW4FVRT.html"
  },
  {
    "name": "（J70235）用户运营【校招】",
    "salary": "面议",
    "company": "贝壳找房",
    "area": "北京",
    "experience": "在校/应届",
    "degree": "本科",
    "skills": "B端用户",
    "boss": "游文辉 · 校园招聘经理",
    "security_id": "UnuDmairRADK9-Z1l_xgtj1iWcRRAX6MHXvrZgJzh5Vb8_MrBGJFa-ZkEg6EgiXVoXy9ZeA0X9A78rndUrfM9JBhnP232xouHv-rzOMCM1RvLnBNvZD_r8_wrqpmCqeDfJ8DWSww9z8ZazUPc_0x8zcLT2uLjj368I-X7RMf8lRWyY0qpTA_M2k6cx2AX4fIZkssy2y2gz54E3Ef0XC9NDhHRGTdC3-d1pfoseRnCSamRmMttdA8rIUX-czRI7t5k74z-LMcjJflXf8Jh8j1LlSCbw9M12N2rVHR7nzW5WsUbKk1",
    "url": "https://www.zhipin.com/job_detail/66338c061c7dd5530nZ72d-5EFZX.html"
  },
  {
    "name": "校招-产品经理（AI / 网络安全）",
    "salary": "20-30K",
    "company": "长亭科技",
    "area": "北京·朝阳区·亚运村",
    "experience": "在校/应届",
    "degree": "本科",
    "skills": "",
    "boss": "谈震华 · 招聘负责人",
    "security_id": "uHDLJE7nyr4Zl-c1NkSD1EZ1MUlrij_9X-YZaH9JI4W8rkf9TazKb4dJsb42ERP5OvP2sUmYCNLbFRBMZXMESQj_VG8XlOcunKlSVphzUjN-Ss29IHLPCvYjIykcAMEWzfPxi-1pO073F6A3jzJswFNGDdl0saHMzwIQpN9vMkRNpJDqM0WLLIpWewhptoVO7xVY3deqtL0GtDl_8cvGTa6Kkto0VgKiFl8MW0xtbMDCha8V8bN4y42qoDqNr0G_S0Z9asmpTTXXvyrP-RQHvad8GseNXEcW49WvqxoDAP092g~~",
    "url": "https://www.zhipin.com/job_detail/acca158a350055540nVy3tW7EldY.html"
  },
  {
    "name": "平台产品经理（创作者服务）(A228339)",
    "salary": "18-22K·14薪",
    "company": "爱奇艺",
    "area": "北京·朝阳区·工体",
    "experience": "在校/应届",
    "degree": "本科",
    "skills": "",
    "boss": "张女士 · hrbp",
    "security_id": "C4NfNYbucDQyd-S1tk8eH0HiLpr6yt5K5nvQ1-T_BT-zqXNLXr6T4WyQYMXzwGvY8DaOBVn5ku5K_ZQODzMHx8L7JObQLnii_iDi_YWa0gbeIvmFrp1v8w88Nbflcq7ZY_2xc5jiB-WgHJ_4yXN0onY6BO5cW8i2SSaUHrQ_slqxXKBYALQJ9sI-p80B8Hdl9y1RofKsIzckXJgorYJFbl5YtCkV6hIg1dfXxteFEEaYvXXcktCrD3QeDALo-vb8NpFMdlCCxkvXO-E9-FaqZGlcGxb1UaQa2MonlNrRUiXR43vHYQ~~",
    "url": "https://www.zhipin.com/job_detail/33905a440b199f900nZ43ti9GVVR.html"
  }
]
