[
  {
    "name": "用户策略产品经理",
    "salary": "22-23K",
    "experience": "1-3年",
    "degree": "大专",
    "city": "北京",
    "district": "",
    "description": "[岗位职责]\n1、负责数据支持工作，主要包含针对上下游不同协作方的日常数据报表搭建、⽇报/周报数据⽀持、活动数据复盘分析等，对数据产出负责\n2、重点专项分析:根据数据分析得出的相关分析结果，协同上下游资源，推进重点项⽬活动落地并不断复盘迭代拿结果;\n3、协同活动上下游关联团队，负责收集活动所需供给信息、配置相关模块。\n4、对活动效果进行分商品品类等数据分析与复盘;\n5、其他安排的工作内容等\n[岗位基本需求]\n1、⼤专及以上学历，本科优先，专业不限，数学、统计、计算机等相关专业优先;\n2、1-3年以上互联网行业/零售电商行业，做用户运营/数据分析经验优先\n3、熟练掌握各种办公软件，具备良好的数据处理、分析的能力，会SQL优先;\n4、有一定逻辑能力，能够独立撰写文档，并且善于归纳分析总结提炼等。\n有责任心，认真严谨、有较强的学习能力和沟通表达能力[工作时间]早十晚七，周末双休",
    "skills": "C端产品",
    "welfare": "",
    "boss_name": "贾先生",
    "boss_title": "猎头顾问",
    "active_time": "刚刚活跃",
    "company": "某小型其他生活服务公司",
    "industry": "其他生活服务",
    "scale": "20-99人",
    "stage": "",
    "address": "北京朝阳区通用国际中心B座22层",
    "url": "https://www.zhipin.com/job_detail/31169406d41959740nd82t28EVdY.html"
  }
]
