[
  {
    "name": "抖音-社交-用户增长-服务端开发-校招/实习",
    "salary": "25-50K·15薪",
    "experience": "在校/应届",
    "degree": "硕士",
    "city": "北京",
    "district": "",
    "description": "【部门介绍】\n我们是抖音-社交与通讯-增长服务端团队。我们日常负责过亿DAU的产品，建设抖音系产品差异化的用户激励功能，深度耦合IM、投稿、游戏等抖⾳原⽣业务场景，⽇发放千万级别资金。每年过年负责春节活动玩法的开发，玩法对全国14亿用户放开参与。\n\n【岗位职责】\n1、参与聊天⽕花、小火人、激励x社交、激励x投稿相关的日常业务需求开发，参与技术方案设计，保障需求落地；\n2、参与团队的技术建设，对稳定性、资金安全等技术建设有贡献；\n3、参与跨部门紧密合作，辅助重点项目的推进落地；\n4、参与春节活动的玩法开发；\n\n【任职要求】\n1、实习时间不低于3个月；\n2、本科及以上学历，计算机、通信工程等相关专业，研究生学历优先；\n3、深刻理解计算机原理，有扎实的编程能力和良好的编码风格，熟练使用基本的数据结构和算法；\n4、能熟练使用一种编程语言，包括但不限于Golang/Python/Java/PHP/C++/C；\n5、沟通能力强，具备良好的沟通能力和优秀的团队协作能力；责任心强、抗压能力强，具有在工作压力下保持良好状态的能力；有良好的自驱力和学习能力；\n6、有良好的个人品德和职业素养；",
    "skills": "",
    "welfare": "就近租房补贴, 餐饮及下午茶, 年度体检, 节日礼品, 家庭关爱假, 弹性工作制, 交通补助, 节日福利, 住房补贴, 团建聚餐, 零食下午茶, 餐补, 带薪年假, 加班补助, 绩效奖金, 年终奖, 定期体检, 意外险, 补充医疗保险, 五险一金",
    "boss_name": "金轩宇",
    "boss_title": "服务端开发工程师",
    "active_time": "",
    "company": "北京字节跳动",
    "industry": "互联网",
    "scale": "1000-9999人",
    "stage": "不需要融资",
    "address": "北京海淀区大钟寺广场2号楼5层",
    "url": "https://www.zhipin.com/job_detail/19222cb5d5207cbe03Ny2t69EVZS.html"
  }
]
