[
  {
    "name": "行业策略产品经理",
    "salary": "20-35K",
    "experience": "3-5年",
    "degree": "本科",
    "city": "北京",
    "district": "",
    "description": "职位描述：\n1. 负责直客广告投放的策略设计和迭代，提升广告的转化效果和商业化收益；\n2. 站在预算视角及客户视角，关注重点预算行业的最新增长模式，发现客户问题并深入结合诉求并\n3. 提出更优的客户解决方案，持续挖掘预算的提升空间；\n4. 深度理解所负责的行业，结合平台当前能力，进一步完善样式、工具、系统、出价等能力建设，打造更适配行业的投放能力；\n5. 从行业视角出发，整合产品运营，商务销售等团队的协作流程达成行业目标。\n\n职位要求：\n1. 本科及以上学历，3年及以上广告策略/流量策略相关工作经验，拥有游戏/IAA买变/网服等行业的客户策略经验加分；\n2. 有较强的数据分析能力，掌握SQL，对数字敏感，拥有较好的逻辑思维能力和理解能力；\n3. 有较好的沟通能力，可以同内外部合作方进行持续良好的沟通，有一定对外沟通经验更有；\n4. 善于理解业务需求及商业模式，对潜在的增长机会有敏锐的洞察能力。",
    "skills": "广告, 行业策略, 商业化产品, 广告/流量策略, 策略产品, 商业产品",
    "welfare": "节日福利, 通讯补贴, 团建聚餐, 零食下午茶, 餐补, 员工旅游, 带薪年假, 年终奖, 定期体检, 补充医疗保险, 五险一金",
    "boss_name": "周先生",
    "boss_title": "招聘经理",
    "active_time": "刚刚活跃",
    "company": "Sigmob",
    "industry": "互联网",
    "scale": "100-499人",
    "stage": "未融资",
    "address": "北京海淀区维亚大厦21层",
    "url": "https://www.zhipin.com/job_detail/693e564b1e2e49d803Z-3dq8EFpW.html"
  }
]
