[
  {
    "name": "策略产品经理（推荐排序）",
    "salary": "20-40K·16薪",
    "company": "途家网",
    "area": "北京·海淀区·苏州桥",
    "experience": "3-5年",
    "degree": "本科",
    "skills": "",
    "boss": "郭宇轩 · HR",
    "security_id": "lyqpVvSpomTR--_1uki4EP1Ki-nQ2wMF0r5RD-wprQSmaL0EDNzOVK6k4ReUQfmWV4d2eWl2JKWECp1khjO_IC6AQlzQY67KLbehKjtAunpOKlBIumPG3Vn4H-WjqmyZ0M5o_BhGjyKwZAnxSCEACtxgBCQh0jafF5cZNaxVuQG67pAijkiPwrvgvUXnkooHc6Us915dlcbXG8LPMWB78RTAW-s6HmB7OYgu7G2kLEo7bPgyiOv63vT-KRGK7F5KWLsqQa1P6U3CLSegvkhXyYRi8RYs7ELh6zNnMo75fbGFQtG-Li5bh829NkElS1pCEwrO",
    "url": "https://www.zhipin.com/job_detail/9e5877af2c01a6a70nV929W5EVZW.html"
  },
  {
    "name": "用户策略产品经理",
    "salary": "22-23K",
    "company": "某小型其他生活服务公司",
    "area": "北京",
    "experience": "1-3年",
    "degree": "大专",
    "skills": "C端产品",
    "boss": "贾先生 · 猎头顾问",
    "security_id": "YvILtw_31Bt51-h16Hwa8yFeq8athSdpnjm9qULGv4Vg0MYN55Iy6xgXsHODD5N8qDOzkAaHmC4MZt6xHRr_EO2nFbRGp1Qk0kEC815fgkM7Nv9qVjx33txosi8c09EGC4C8iJ_uOIG0WVLCDY3KMznhPDBQfB3Av7i_7ZRUPVQgt5AdRdRM2frigTN2r_qp13oUe0GjRgylOTTva6vRRe8Suu8_QqUQLlWYFjzNcUb68gLJ9r-XlRdGqMTzPq3Q4-rE5OGjwsLDAFSt3UMy9-wEGWp9hMuM0TUlAOxgmWFmqPsdqw~~",
    "url": "https://www.zhipin.com/job_detail/31169406d41959740nd82t28EVdY.html"
  },
  {
    "name": "策略产品经理（内容分发）-番茄畅听",
    "salary": "20-25K·14薪",
    "company": "字节跳动",
    "area": "北京·海淀区·中关村",
    "experience": "经验不限",
    "degree": "本科",
    "skills": "",
    "boss": "周女士 · hr",
    "security_id": "iKVoLFIAlgxHm-O1YZQo0yn3tamWgmbl0xRfaxNvkqlsX0ZLfnMusjZQYF2CuWiX5cDZ1_E19V8nadOjpXgpAhyEocB-x8h8yRInRVXpalzhjrizY6BYyqPsLePlFoqcajhoEeq47na99hLQGPyGeSNfEPGeqNtr_HNXr1SvfbWb2aPK-x9pwA-RQlNPw-_lEj72kvhfvbwLZ8pH2waRXrQ6LNBysZpuOd-LtR-KNKExi7PnuQM1pwNmawqsq0Oz3tRGtS2jlu1zDSd1Ixx1qZeUOyTV5mBz6CGIy81CEKYBGnxS",
    "url": "https://www.zhipin.com/job_detail/d97a7fa24c6ffaa60nZy3Nq8FVBY.html"
  },
  {
    "name": "策略产品经理（QCPX方向）-【电商】",
    "salary": "20-40K·16薪",
    "company": "快手",
    "area": "北京·海淀区·上地",
    "experience": "3-5年",
    "degree": "本科",
    "skills": "",
    "boss": "牛艳茹 · 招聘者",
    "security_id": "KHPxqdRqOV-6U-W1TTGY6LgAZfKBUFum9j9kTZph_cLPO0kgIuZ4G75JVgZPXwgCNBBbnJ6pwFHyxt7mi16tDcQ946XwQqF9bcCn0kPlYaxuIzIZtLtxSEusU-dCyYmFsL5k0NTDuNk2pGhOB8Zlz-oux8US3dxeKbaWDRJyk3byf94A3bGQraqCVkLypGFuFxme_7xJ9cG61yjyRPtjDHBC-yQs_M6ljxPKaI7rWciujd64MSLc_xkru9aWhHy7-vXISTM9XR_Rf7PZvEpI9lpv2JvQFRwTjhK0mUXMb6E23g~~",
    "url": "https://www.zhipin.com/job_detail/a8689e7a72ad2d9b0nZ829i4FFZQ.html"
  },
  {
    "name": "策略产品经理（推荐排序）",
    "salary": "35-60K·16薪",
    "company": "某大型在线教育上市公司",
    "area": "北京",
    "experience": "3-5年",
    "degree": "本科",
    "skills": "互联网/AI",
    "boss": "张先生 · 猎头顾问",
    "security_id": "hem72DkqRDmdx-W1a_cchzahz1K7pS6rn72hpb8qIanrfku-GZdNbA_ijm_l89XTwRI6ZELip9U_nQU5vDQD8K23_nLF6c9wo53cApdnaY2pk64ff1W_b2naRtTxxVcDXFvBHd0v5K9vsQKaBlQCFQxGya-pMXEfQmmbRhUVOygcPNmJ0LKUk1W8mwDoBhd-5pCKy5awme4KWnOk4KL3iKzx2w-bvvDmPjbAS0joLgoasZismAKKuzPlzpUTcbVTuu-b2TNuXqlbTGcxcYIFnYSBR5_5Y0fAp5DhDa9RXzN4s2ob6g~~",
    "url": "https://www.zhipin.com/job_detail/b149600d0ccb759b0nVz2dm1EFJS.html"
  },
  {
    "name": "治理策略产品经理-TikTok Shop",
    "salary": "20-30K·15薪",
    "company": "北京字节跳动",
    "area": "北京·海淀区·苏州桥",
    "experience": "在校/应届",
    "degree": "本科",
    "skills": "策略产品",
    "boss": "叶先生 · 电商产品经理",
    "security_id": "BamUTa8SpqTEK-d1Ha99fGmW3le6yAdzbiiHhgchmDb9O3lkyCz3m-0EWNP6vab8h3SaKTI_v_vSWI2ynVYz8pM3AACzdzY9HtaUQIeKj9uJgZD9Qfq1fYVXD32vJOsjmX8FrVOiY1GCBKQ6pQn9P3w2i6Ig_l6TklaEyVNkEHOygpsG7_UmXPjiKhJ1fblhTh-Kzs2lBCJVILax_bdgDp4k41SqNs4djI3qnCXjYoBiVUXTdLvAJ1OQkE33m-cwHd96L6YgioIXYk5dvj7AsqrYjKlfVCYnmuBif7Q20yGIZw~~",
    "url": "https://www.zhipin.com/job_detail/2422f8ae27f1903603x50t6_FlRY.html"
  },
  {
    "name": "地图用户策略产品经理",
    "salary": "25-40K·15薪",
    "company": "滴滴",
    "area": "北京·海淀区·上地",
    "experience": "3-5年",
    "degree": "学历不限",
    "skills": "C端产品,策略产品",
    "boss": "萧先生 · HR",
    "security_id": "xZy7ZvXM_OAx5-G1HcvFgrOPkDUe7Pl7CbO2fdrnxxJsT0LH6EWhiLv42uTfSpTREEgDu8TtMtB_jlT4fZ7f_AzdRBUsz8Aewl2OCkTPbEcIWYpaxj1XWGCvmH57wrMz1oEEzlJI4e5jLA-mTukbkxp6A_rTMBsHi5IdoVp3k74MgAxl2tIN_o4IZCWdt_TN30j-JvZPsr7Uvi13ddIg9phlT2s1B7uaRTOGpT0DgayYp6Pu-v06_7OZA3wePKIbQuOUB_gKw5OB11d-mQpXdT228tTS8WS93RwYfiH_sfU5vEw~",
    "url": "https://www.zhipin.com/job_detail/67b6bc8c803bb1200nd_2t--FVVU.html"
  },
  {
    "name": "LBS策略产品经理",
    "salary": "25-35K·16薪",
    "company": "高德地图",
    "area": "北京·朝阳区·望京",
    "experience": "1年以内",
    "degree": "本科",
    "skills": "ETA,上下车点,lbs策略产品,路况,策略产品,路线规划",
    "boss": "王女士 · 招聘者",
    "security_id": "cUm5TwmrP2W2t-f1_6aHnoeMQPHFqh4Yed9145QOALW-bRhgEyIlUa_J_GKEDNYMec_f0hSpbY3dMsbNYFvazGdLybng4-0mt7XqrMJRNTsxBbFOR75QWa2LtcASdbr0Sk7arDMTWGrn6rFonttIJx_iFMphE__altzH-nzS1ckD9RwmNgc2XX02DIv92buhEObh8a7cns_WPjXg70fGBv8w2RuLFJ9FcXjw_scDW-PHfG9EDM809IXzg-R_EYEEN84His_dKMSzcUMMes1A3q5aBStGEVfoZvPOOM2m0cc_KSLf",
    "url": "https://www.zhipin.com/job_detail/2937592f787124401Hd53dy8GFVZ.html"
  },
  {
    "name": "AI策略产品经理 (Algorithm PM)",
    "salary": "25-50K·14薪",
    "company": "北京擎仓机器人科技",
    "area": "北京·海淀区·学院路",
    "experience": "3-5年",
    "degree": "本科",
    "skills": "",
    "boss": "董先生 · 招聘经理",
    "security_id": "teD5NKkg_lSi5-U1F8hvHCDTVky52ESbNgXmzGP8pRadm9e4ed7IFiJB0_POX6hpKI3ALCjTrLIiQ_MWKZQDqXyLMAUSy9OFa9VW6XzyJO22LNCi3EuMk_BHvZOzBQ-x2RQjdBMhUjNX9BYLgkC3j62cgtockvaK7VDO_H15DNBoCsrPnYd0KFXFk2VgXs4B2EpKbgZieHzKnlOyaF-JyaAap69ODg9VsbBl1acmWlEogQMtdCXsUZZw4_DHj_VWwywFSEXkIbgVtwt74l6-x9-JduRZgTS-aFwYdMBhmHvoV_rckw~~",
    "url": "https://www.zhipin.com/job_detail/314a3e08abfb266d0nZ939W6GFJU.html"
  },
  {
    "name": "策略产品经理",
    "salary": "20-40K",
    "company": "MyCoolTv",
    "area": "北京·朝阳区·三元桥",
    "experience": "3-5年",
    "degree": "本科",
    "skills": "",
    "boss": "张女士 · HRBP",
    "security_id": "JTGwowD88Pr8L-p108GL8nmH4kK5xU-8LNLrpOKVQWll68N-HrknPoyr39N0xMWFa_WL6EVXw4glojZHSVDvbcKdYM9d3Cw5AyTYqoq8WkLhSKMIUlWncwhMop9-PfS4omeO5g6VwRuSCGHzra_W16p2phdj37RIDr1HVXo-WwIrgdr54Ce5Ruf2Ov-gmbNgrEc6JxXyfW4ZrNK1UcSFi_HnMCyum7PSSBhV8zK5BTg5pi1zeQLJH28zgcb3SFRhQgrIa69dUFbEoasaVgIWRKyRVSIBU8GlO17sKDDQ4Y4Y4Q~~",
    "url": "https://www.zhipin.com/job_detail/5fdec5a9215320f30nV-2dm7FVZS.html"
  },
  {
    "name": "行业策略产品经理",
    "salary": "20-35K",
    "company": "Sigmob",
    "area": "北京·海淀区·苏州街",
    "experience": "3-5年",
    "degree": "本科",
    "skills": "策略产品,商业产品,广告,行业策略,商业化产品,广告/流量策略",
    "boss": "周先生 · 招聘经理",
    "security_id": "4GSRt2rbH92sj-71fdz2og3ThM767uMXmIpNfXCRWsT5V95SaCTJy5B-O1Bs5bEJ5csyD52WB4fgzQuWAQ8QoD2l1hrx2flWX3h_BIy-GL3gydUQ9_g6QVpmMmgL7sN5sLoIiBLB4d2g-y8JTXNZL_l_7DfwBOAwTfWrLdF67n2JRdYxGYH7BND2eDh0aUbzQB3pF8tsDwokdaU2BdlS3F63BHGNMdOw9owfswvmZigA-on_dX6DPFTR5KX4I2Du0EI8OXZIyNf62_6g65cHCLRa9iEtBB8QW4zpwMiqTJbLgAY~",
    "url": "https://www.zhipin.com/job_detail/693e564b1e2e49d803Z-3dq8EFpW.html"
  },
  {
    "name": "投放策略产品经理",
    "salary": "15-25K·14薪",
    "company": "臻盛网络",
    "area": "北京·海淀区·清河",
    "experience": "1-3年",
    "degree": "本科",
    "skills": "",
    "boss": "王女士 · HRTA",
    "security_id": "1VjgVtUHUBaAC-81aF7CtGsffn9LNv0QHNkcCCzJgAttvcIuAHDH4tckgoPhLnPJw8FtOX_43xtsJuyLWRzFRj0zfffl6NeLKT0QQdPa3Qb4dEociNKPCLm37P2eQB3df2qEVVm3iBnCyY5luiu29dfvHq_9o5WBBqAy6ae-pD0motHueNLE3UHp5M2ogHoLbefFS9ctOCUHXC9T36SUvYK7sxhcKcCznUNdbk7poo2m6102Y6hICZKDBcsfrMAhALOXEbaYP55ln3rSWeA2kpZTregAnF7KQ92QfKGdxiEPxx0-1A~~",
    "url": "https://www.zhipin.com/job_detail/2a5925e22d5a92ec0nR52925GVdY.html"
  }
]
