[
  {
    "name": "产品运营-校招/实习转正(J15257)",
    "salary": "10-15K·13薪",
    "company": "慧策旺店通-掌上先机",
    "area": "北京·海淀区·中关村",
    "experience": "在校/应届",
    "degree": "本科",
    "skills": "",
    "boss": "李先生 · 研发经理",
    "security_id": "zpyxhRrOvC7V1-11O5Ink8Z8sqTt_wCQjsQkEsvWMR7lV4VoZD7AXQTC4XE3zyFGa79oxNIKMvU23SeNrrp48Vk6b1WsCOxoieFRi9StGlMUxHZGmGxAuu9otLs2RVMcho-uLfLYqhFlAOrxfqfryKXAlESRr0R2IhCBChQcHY01Otzc0UEJOymTbsznBxLydH6uApi9v538PzLn4B0oEj7BA6h7gEUDo4CfcwgFpVDkF_zXVptzBwziMNKE0Pqhr7m62GbSViGQQr-_Az0EzFBG--0fl0nSPnvKhChmz22pElk~",
    "url": "https://www.zhipin.com/job_detail/bd7ad9b5b25b54e10nd-2dW4GFJQ.html"
  },
  {
    "name": "【26提前批】商业化策略运营",
    "salary": "12-18K·16薪",
    "company": "臻盛网络",
    "area": "北京·海淀区·清河",
    "experience": "在校/应届",
    "degree": "本科",
    "skills": "广点通,业务数据分析,统计/数学相关专业,竞价广告,投放数据分析,计算机相关专业,金融/经济相关专业,信息流广告投放,巨量,信息流优化",
    "boss": "郑女士 · HRTA",
    "security_id": "o1kRhPW0YsyvU-l19VcPCsAAWgDzXQGlUbQ-xkN-GsDTJ9ED75G-JxfRD5tah-Ex3Pz4ZLgZBw83UhVCJvDSiP0K2tXGu62u3jr0slbX0MwFVXCoHtRWYNho8nIFkxVMfp0e6xVZg1TjKPaEh7xdZXr337n7QoBoAhKLLHepReynnEMobrsqYkHSesw7qQ0Tq3tzc38ZWJf6lpok0mDRHS4fSVK6MH13Ue4f2NMnolkHyJSjBh6ONeN5x2Z493mHM31agQKcc0kSfQ9-PGY3P_10CRmoNi4P_w76U3y-R2Jc9XwPgg~~",
    "url": "https://www.zhipin.com/job_detail/dfd5751069194a920nV529W6EFRS.html"
  },
  {
    "name": "增长策略产品-番茄小说",
    "salary": "20-25K·14薪",
    "company": "字节跳动",
    "area": "北京·海淀区·中关村",
    "experience": "在校/应届",
    "degree": "本科",
    "skills": "",
    "boss": "周女士 · hr",
    "security_id": "YS05gbBH2beeP-D1NoSS5X2toRm8wuHdtu9AFavwOwdCXPNYJ_oEwJP7TLGyiwTJO2uqmgTmOWK3K-TmuUBKnbOnwpbLHsgtfMS4KyNK3QN9JxP6-Xn7_fdZgt5DQwtyaeRcKfrOOhpfHtoDnH-GSWn69kRVbzZ_-joLl2HwEBWc-Nq_qEHRUNKwHCeJ_VVf2F5PMhcp5erXaYla_tvr60prQV4-cq6afgSbW8vTP2nR9CinMpV7W_oKndk3KpvVD3B5xIkoIJDvgdsOdp9Hdf3AQ-Ba-twehDdhUygMIgiL5FOr",
    "url": "https://www.zhipin.com/job_detail/fe0759d4babe15df0nZ-09y4FFJX.html"
  },
  {
    "name": "业务策略运营",
    "salary": "10-15K·15薪",
    "company": "转转集团",
    "area": "北京·海淀区·西三旗",
    "experience": "在校/应届",
    "degree": "硕士",
    "skills": "",
    "boss": "刘苗苗 · HRBP",
    "security_id": "UYBdJXk8AOXrG-y1S1tjg8LPz_imG9ViQ0q4n5JpnHX-igGDoON_cZRh-UAPgEHUXT6HUXAsF_eiVlPbZgxS-UyCQJ_71L-tSr9-YmIlAfRSmZ36KQgfRNg9ubPSEs_vnNyh0wBoHNJcM5tgsubR3dY3U4wci3wq7h6My93mDb7I80zu2GiOHE8kLGpDoN44gr8tEvLgF2_8tuLJgjkuZSPQUgFvy0_7UIyZxdIf0fT9rirCq7wEbzg6VAlMgKBmuKia0E5Vn0O4je4g5orN0zpdLbAF3H_Pz8UE2_yLzyX-8k2mqKIc2wNZ7XtdpqMGfhmAaXA4Fw~~",
    "url": "https://www.zhipin.com/job_detail/70026de8a6ebc5cc0nZ-2Ny-EVRR.html"
  },
  {
    "name": "【26届可签三方、不限专业】业务策略运营",
    "salary": "10-15K·14薪",
    "company": "易点云",
    "area": "北京·海淀区·西三旗",
    "experience": "在校/应届",
    "degree": "本科",
    "skills": "业务数据分析,不接受居家办公,业务模式/运营策略优化,统计/数学相关专业,计算机相关专业,金融/经济相关专业,数据分析/商业分析经验,SQL",
    "boss": "石加力 · 招聘主管",
    "security_id": "_Z5YY5T5eSKfy-i1EMBduCyCX39zeHLgQHjwcNiTrravLIpuQCPgno7weXOy57GhM2Ubs7Aff-iKsUCp4yn0WE1fdTLJMrVprM6_yNh-RpH4uAHHOzXeI4Vlhfmycf00dDT5pC4hx1YFEGr5bZa3xxtcZZrstSHcxIRv9Gl_tg8sMgjqZ_qcPU5vaXUNL6eW4njVrYDiCVl2MMJCFkvEHglMBsZzJ65U6vHXCc3VCXlRdLrIgHFIB4OmgJUsHoAG9NuFrhwpAdwQY4w-1phxvucdx7DjJXqHZI3EW2cdz69-DA~~",
    "url": "https://www.zhipin.com/job_detail/071f0f579a23b5b80nd60tS8GVFU.html"
  },
  {
    "name": "录入员",
    "salary": "10-15K",
    "company": "我爱我家",
    "area": "北京·朝阳区·立水桥",
    "experience": "在校/应届",
    "degree": "大专",
    "skills": "坐班,全职",
    "boss": "梅春影 · 房产销售",
    "security_id": "oWI95cMjb9iCC-X1DgWmoKI-TnalEotr1hXaQ_aQ3tJUtC9S0JfVHdmxbCeVjednemmyJ8mK6BKGxpTmKjpJ55YBPjBGdyvqEEP8OdzO8KwLZ4w6vMyOwdb2Y5uEy43jUG6PAhIqdCvD2DFzY9Anga-pR9_bjL9IrAUsdo-PxbmvqT0RzM5mVJyCVi9VfQyzJe87CgE1FUwju6_9g2Nq0aP7RPJu791jODHtN0leWQ3ZsZkskQ1oFqxxzT9RrExpQ_zSU1sCZCK9-0VWRBJwFxarclLDAXIotYSuFQjtRU1AMTrHddRfoLgtwB7talNrZxjWteHv9bA~",
    "url": "https://www.zhipin.com/job_detail/52b588fdcd1ca1630nZy3NW_EVpS.html"
  },
  {
    "name": "策略产品经理—电商风控中心【2023校招】",
    "salary": "20-40K·16薪",
    "company": "快手",
    "area": "北京·海淀区·西二旗",
    "experience": "在校/应届",
    "degree": "本科",
    "skills": "策略产品",
    "boss": "白女士 · HR",
    "security_id": "s5joeYKQEtUAs-71cI2E80qDlcmcOX4cZdvIXANF5VRBxyX1_3RCi-d3xKa2ZjGD09y1-F6AIgpjVffyG_AAVMlkOSwqgb7dMGDUJICNmD27oC8kQfehWXla7XW7lTT_uql-7Ozf-_7B8MipjlT7c4--KU0Vtl6-SNn3lB7Ralt5eo3ZjGSGAOhUH0pKbBvPEkcAFrg7OAcP2gw0KvMZnbfwHT-qMDWNcKH79kEpBO80tDxhGrPvngoHsIUojXxk5Ua1YAutPFbTo8TJXC8Am-UCo0vxVKnSyqFKyo7u2RpW",
    "url": "https://www.zhipin.com/job_detail/e2eceed6de6c02ec1Xx62Nq0FVVR.html"
  },
  {
    "name": "（J70351）风控策略【校招】",
    "salary": "面议",
    "company": "贝壳找房",
    "area": "北京",
    "experience": "在校/应届",
    "degree": "本科",
    "skills": "风控",
    "boss": "游文辉 · 校园招聘经理",
    "security_id": "03IiOjSd6Mi6r-J1i8ZJdqemmV6HHMncP23rolfqBkylYDNl3Uo23z1w7Xli2lOrPXcNaq5g4tBqpcDmRUizMxasVkX87TlegH5tE2og-nsP_H1paoLj83Fh0HPRk-tEDeGBlpTglqZAzWORd9gweQkQ3RA9zR6Lp_7qFxzCXmgB7pJLrHz9nQ_1T8jXcv8RhFs3FH4Mr3JPuq3n5lDb-QWk5WgHpQ0RKmd_95lPJOTPwJh3f1FB6AjcUENZG2BjUReWdmoZhaMTt5P7BHOs1ylrJNWNwhhQ5Zg8EQsPdiVLg9WC",
    "url": "https://www.zhipin.com/job_detail/d630d56f468f250d0nZ529S7EVtQ.html"
  },
  {
    "name": "运营专员（校招/初级）",
    "salary": "5-6K",
    "company": "会小二",
    "area": "北京·朝阳区·四惠东",
    "experience": "在校/应届",
    "degree": "本科",
    "skills": "",
    "boss": "王雨琼 · HR",
    "security_id": "0Fi7Kr5jAZIyR-U1qUEJn3DWj8Q5Oc7rOzetLaLYa17shNeVf96fPAfFJ2-o0GTLMlEpl4AnMNJyq4UpD1BDHXJ7grlZ15cJoczZBZIjHAFwrmr7w3z8-TR2TGd7cZWLpCnn2aTnSnmx1W67X1HK9hCGxP2Qn0b2lqdnnCMBFtHiWnZnI5eo5Q2kJO9T9kxbJxwekaPCXJlogqtr0fWh30rkRUeAn_ZxFD08WmEkVF9Vqe9OnAOjzb_hdGBF1EyAB1aqrym5w0zXwzVx7tUB8IfFY4V4EHtGqoL9VR-Bw0XIYGkwyxEEVYXqfCH8XLQdQKqam4E~",
    "url": "https://www.zhipin.com/job_detail/48e97db03f531cc30nd729q7ElpY.html"
  },
  {
    "name": "互联网运营投流数据 接受应届生",
    "salary": "7-12K·13薪",
    "company": "韶华金科",
    "area": "北京·朝阳区·团结湖",
    "experience": "在校/应届",
    "degree": "大专",
    "skills": "不接受居家办公",
    "boss": "杨先生 · HR主管",
    "security_id": "WNSbkjlUY3xgM-E1TJtqirMPFK7tqO61fsvrhknTD3xio3LP0jx1AFV-23ERxuA0iA4JLeRqJ9D3PTJ4pDd4qkkpfDZAllnqps1A4ZgRyNmuGfYr_tVyD-q3Zpq4VTMlmW_lBQ0HIXoIrWPdwyUDCrUMwLqfveQlo4_2IG1HqzY4qLYpCv5ccMt-7Qq6VizVMeM34lGHpO6LVF4BfD6w2JKx8Oy7-sRUCBV6k6CAJPyyKUMMs3e4uhxF_6HptGe309h38qEXYj-hAX9RRL8vL7g_eDKWlXxBCZy7r1hHXWo4ljH_KZKNZNIVgOBPZw3d7KcRkmMSF3E~",
    "url": "https://www.zhipin.com/job_detail/2182ec7007d8e0710nd-0tu7GVNT.html"
  },
  {
    "name": "风控策略分析师（北京）",
    "salary": "19-25K·16薪",
    "company": "度小满",
    "area": "北京·海淀区·马连洼",
    "experience": "在校/应届",
    "degree": "本科",
    "skills": "信贷风控策略",
    "boss": "莫先生 · 招聘专员",
    "security_id": "AqIAmFhKieXSq-N1DlG80wT-ZWuRU2U0RjIAZGld40-IBuhI4k_Q5EUZr9LBota1ZpYX9K7I4LNvpKEsghpKE2BqPC5BestVJJDq9tLW-UbW9EL_v5PC1MsD3xtx2H1wRXddXug90gmKEFawhEG1-QDYxQhc4hQvLrI-tmzn3kwhMnh4-dcJ6siGoG6qCPZ_c4zCyPtP2YUWYUqOwRkDcz56hpUOE_50zJ2umQqIxPSTX9qdECZoZF7_sN30Gj_bvpQlx1pSGt-zw8ybhc4vLrBCg7XbaiALdXQw-TYZhj9siXY~",
    "url": "https://www.zhipin.com/job_detail/5b9ca4fb90846cc80nd63NW0GFFS.html"
  },
  {
    "name": "【26届补录】策略产品经理",
    "salary": "15-25K·15薪",
    "company": "美团",
    "area": "北京·朝阳区·望京",
    "experience": "在校/应届",
    "degree": "本科",
    "skills": "",
    "boss": "鲍先生 · 产品负责人",
    "security_id": "pRzymRHbLxv9K-B1Gr3kh7S_fLagH28rNB7XfQ1xOEHfaGGK_2RHOty0E5mTvnla60UZkqWEGr-GRk2ztPb3NyxSBuG7Ih71bTY2Qay6wzplEKy6Wlh0T9J4nW3vMw8NRtXayMRTwyE_ufmr3ndd0MPkawz4uLyLeXhwLbiYtjP5Tjlqb_IywMMycdb_hiIqZ3nx7kmQky9-P1JXHr2zo2NEUS1e3Qza13EGtMtbKk-b1zGSDV7hg69Oe7PoOE5FS4DVdY2nbt20CW4bh4U76qz8bi9pkD6kvv7rwKwOutI33LrJ",
    "url": "https://www.zhipin.com/job_detail/0fac29272e11b6120nd73dW_FVNQ.html"
  }
]
