[
  {
    "name": "产品经理-仅26届",
    "salary": "18-24K·15薪",
    "experience": "在校/应届",
    "degree": "本科",
    "city": "北京",
    "district": "",
    "description": "岗位职责\n在这里你将有机会：\n1.全面提升产品研发、运营能力和个人影响力；\n2.迎接多样化的产品研发和运营实战的挑战，我们的产品岗位类型包含功能产品、策略产品、数据产品、工具产品、硬件产品等；\n3.通过系统、全面的专业培训深刻理解行业，从复杂的业务场景/数据中挖掘用户痛点和本质需求，以结果为导向，落地业务规划，推动产品的优化和发展。\n任职要求\n1.本科及以上学历；\n2.对互联网改变本地生活充满热情；\n3.有强烈的好奇心和进取心，突出的学习精神和能力；\n4.优秀的逻辑思维与系统分析能力，对数据和数据的意义很敏感；\n5.能解决复杂问题，关注细节和落地，而不是停留在想和说；\n6.熟悉互联网产品和技术的主流发展动态，有设计或运营互联网产品经验或能证明你在这方面的潜力；\n7.对AI感兴趣、有热情，有过AI产品相关经验或对AI产品有深入理解研究者优先。\n岗位亮点\n1.可以全面深入地了解美团业务发展的前世今生，用你的产品创新推动业务的增长；\n2.美团拥有丰富的知识沉淀，在这里，你可以通过海量的学习资源和优质的专业课程，提升自己的产品实力，成长为一名优秀的产品经理。\n工作城市\n北京市、上海市、成都市、深圳市\r\n\r\n加分项\r\n有以下行业经验：互联网·生活服务(O2O)·计算机软件",
    "skills": "B端产品, C端产品, 中后台产品, 用增产品, 社区产品, 策略产品, 电商产品, AI产品, 内容产品, 社交产品",
    "welfare": "交通补助, 生日福利, 节日福利, 高温补贴, 免费工装, 有无线网, 团建聚餐, 员工旅游, 带薪年假, 工龄奖, 法定节假日三薪, 节假日加班费, 企业年金, 底薪加提成, 保底工资, 绩效奖金, 年终奖, 定期体检, 意外险, 补充医疗保险",
    "boss_name": "余先生",
    "boss_title": "产品经理",
    "active_time": "刚刚活跃",
    "company": "美团",
    "industry": "互联网",
    "scale": "10000人以上",
    "stage": "不需要融资",
    "address": "北京朝阳区美团总部A",
    "url": "https://www.zhipin.com/job_detail/e041c55fe7b9e7be031839-5F1BV.html"
  }
]
