[
  {
    "name": "AI产品经理",
    "salary": "20-40K·15薪",
    "experience": "在校/应届",
    "degree": "本科",
    "city": "北京",
    "district": "",
    "description": "岗位职责:  \n1. 探索人工智能技术在各类应用场景中的产品化方向，挖掘⽤户痛点并提出创新解决⽅案；  \n2. 负责AI驱动的产品规划与设计，包括功能定义、交互逻辑及核⼼策略的制定；  \n3. 协同算法、工程及业务团队推进项目落地，确保产品⾼效迭代与稳定运行；  \n4. 参与模型效果评估与优化，结合用户反馈和数据表现持续提升产品体验；  \n5. 跟踪行业动态与竞品发展，保持产品在技术应用和用户体验上的领先性。\n\n任职要求：  \n1. 具备良好的产品思维和用户洞察力，能够将复杂技术转化为实用产品功能；  \n2. 熟悉AI技术基本原理，对机器学习、自然语言处理等有基础理解；  \n3. 拥有较强的跨团队沟通与协作能力，能有效推动多方协作；  \n4. 主动性强，具备强烈的好奇心和学习能力，适应快速变化的技术环境；  \n5. 有成功落地的AI产品项目经验者优先。",
    "skills": "",
    "welfare": "交通补助, 生日福利, 节日福利, 高温补贴, 免费工装, 有无线网, 团建聚餐, 员工旅游, 带薪年假, 工龄奖, 法定节假日三薪, 节假日加班费, 企业年金, 底薪加提成, 保底工资, 绩效奖金, 年终奖, 定期体检, 意外险, 补充医疗保险",
    "boss_name": "邢女士",
    "boss_title": "产品",
    "active_time": "2周内活跃",
    "company": "美团",
    "industry": "互联网",
    "scale": "10000人以上",
    "stage": "不需要融资",
    "address": "北京朝阳区美团(恒电大厦)4层",
    "url": "https://www.zhipin.com/job_detail/18a37044eeb4603e0nV62Nu-EFJR.html"
  }
]
