[
  {
    "name": "校招-产品经理（AI / 网络安全）",
    "salary": "20-30K",
    "experience": "在校/应届",
    "degree": "本科",
    "city": "北京",
    "district": "",
    "description": "岗位职责：\n1、负责AI/网络安全产品，通过市场分析、竞品研究、用户调研等等方式，获取需求，并产出优质的网络安全产品需求⽅案； \n2、帮助研发团队成员协同合作， 负责产品迭代的进度管理，为产品版本发布负责 ； \n3、与其他产品经理⼀起负责产品相关⽂档的编写、维护和发布。\n\n任职要求：\n1、有网络安全、云计算、AI等公司的产品经理实习经历优先 ； \n2、具有极强的学习能力、沟通能⼒和团队合作精神 ； \n3、以结果为导向，责任心强，执行力高，有优秀的抗压能力。",
    "skills": "",
    "welfare": "节日福利, 餐补, 带薪年假, 股票期权, 年终奖, 定期体检, 补充医疗保险, 五险一金",
    "boss_name": "谈震华",
    "boss_title": "招聘负责人",
    "active_time": "刚刚活跃",
    "company": "长亭科技",
    "industry": "信息安全",
    "scale": "1000-9999人",
    "stage": "C轮",
    "address": "北京朝阳区国家会议中心-E5门6层",
    "url": "https://www.zhipin.com/job_detail/acca158a350055540nVy3tW7EldY.html"
  }
]
