[
  {
    "name": "AI产品经理",
    "salary": "20-28K·14薪",
    "experience": "在校/应届",
    "degree": "本科",
    "city": "北京",
    "district": "",
    "description": "岗位职责：\n1. 负责AI新闻搜索相关产品的规划与建设，包括需求分析、功能设计、效果评估，打造出色的智能新闻服务体验\n2. 跨团队协作，统筹产品从0到1的设计落地，高效推动产品功能交付与迭代\n3. 构建AI资讯搜索效果评估体系，通过离线评测、用户调研等方式验证功能效果，持续优化⽤户体验与商业价值\n4. 洞察⽤户需求，能够持续发现产品问题、挖掘场景痛点，输出有效可⾏的解决方案并推动落地\n任职要求：\n1. 本科及以上学历，对AI产品、内容资讯、智能搜索领域有浓厚兴趣，有大模型应⽤、RAG、知识图谱、智能推荐等相关背景加分\n2. 具备复杂产品体系设计经验（如内容平台、搜索、大模型、智能助手等）优先\n3. 具备系统性思考与结构化问题的能力，善于在复杂业务中识别高价值场景，能够在多目标中平衡和取舍\n4. 自驱力、学习力强，乐于接受挑战，在不确定性中保持探索和创造\n5. 具备优秀的沟通、协作能力，能有效联动跨职能团队",
    "skills": "",
    "welfare": "交通补助, 生日福利, 节日福利, 团建聚餐, 零食下午茶, 餐补, 员工旅游, 带薪年假, 加班补助, 年终奖, 定期体检, 补充医疗保险, 五险一金",
    "boss_name": "罗女士",
    "boss_title": "HRBP",
    "active_time": "刚刚活跃",
    "company": "搜狐",
    "industry": "互联网",
    "scale": "1000-9999人",
    "stage": "已上市",
    "address": "北京海淀区搜狐媒体大厦",
    "url": "https://www.zhipin.com/job_detail/fc012ce7d32fcdbc0nd82tu_EFdU.html"
  }
]
