[
  {
    "name": "AI产品经理-NB",
    "salary": "25-50K",
    "experience": "经验不限",
    "degree": "本科",
    "city": "北京",
    "district": "",
    "description": "工作职责\n1、负责NOBOOKAI相关功能的整体规划与建设，结合AI前沿技术与教育教学场景，前瞻性地进行产品整体规划、PRD设计、制定产品演进路线图及迭代计划，持续提升产品的创新性与易用性；\n2、基于NOBOOK现有AI能力与平台基础，设计适⽤于物理、化学、⽣物等学科及不同实验教学场景的定制化Agent解决⽅案，赋能NOBOOK在虚拟实验、实验测评、探究学习等环节的智能化水平，提升教学效率与学习体验，推动AI驱动的教育创新，形成产品在科学教育领域的差异化竞争力；\n3、深⼊挖掘教学场景中的业务痛点，协同市场、教研、运营等团队，完成商业需求分析与产品创新设计，高效统筹资源推动产品落地与商业化转化，把控产品从开发、测试到发布的全流程；\n4、负责产品全生命周期管理，与技术、教研、设计、运营等团队紧密配合，推动产品高质量落地，并为内外部用户提供完整有效的产品使用培训与支持，确保用户能够顺畅使用产品，最终对产品效果与业务目标负责。\n\n任职资格\n1、本科及以上学历，985院校或海外留学背景优先，教育技术学、理工科或教育教学相关专业背景优先；\n2、具备较强的逻辑思维能力，善于举一反三，具备创新意识与对产品深度思考的能力；\n3、具备良好的用户同理心，优秀的沟通与团队协作能力，有效挖掘和识别用户需求；\n4、具备强烈的owner意识，目标导向，抗压能力强；\n5、在AI时代背景下，具备创新精神、变革意识与一专多能的综合素养。",
    "skills": "B端产品, AI产品",
    "welfare": "五险一金, 补充医疗保险, 定期体检, 年终奖, 股票期权, 带薪年假, 员工旅游, 餐补, 交通补助, 包吃, 节日福利, 零食下午茶",
    "boss_name": "谷女士",
    "boss_title": "hr",
    "active_time": "刚刚活跃",
    "company": "Classin",
    "industry": "互联网",
    "scale": "1000-9999人",
    "stage": "D轮及以上",
    "address": "北京海淀区四通大厦北京市海淀区海淀大街2号四通大厦",
    "url": "https://www.zhipin.com/job_detail/17fede31c764cee20nd43d-6GFFS.html"
  }
]
