[
  {
    "name": "策略产品经理（内容分发）-番茄畅听",
    "salary": "20-25K·14薪",
    "experience": "经验不限",
    "degree": "本科",
    "city": "北京",
    "district": "",
    "description": "职位描述\n1、负责音频分发和产品功能设计，从多种书籍维度和用户消费阶段优化分发功能，协同算法/DA优化分发策略，提升用户听书体验，对留存目标负责；\n2、负责端内多种体裁的混合分发⼯作，持续挖掘不同体裁的⽤户需求，设计⾼效的混合分发容器，通过数据分析发现推荐链路问题调优流量分发，为混合分发效率负责；\n3、负责搜索全链路体验，深入理解搜索需求和大盘变化，设计合理的搜索功能，协同算法搭建意图模型和个性化排序模型，提升搜索承接效率；\n4、通过定量和定性分析敏捷捕捉⾳频内容生态变化，挖掘供需双方痛点，并提供内容引入和分发策略的解决方案，为内容生态结果负责。\n职位要求\n1、在C端产品内容消费、推荐、搜索等任一领域有成功经验和深刻洞见；\n2、目标意识强，逻辑清晰，对数据敏感，能通过数据指标了解业务现状，并推动优化；\n3、具有良好的团队沟通与项目推动能力，抗压力强。",
    "skills": "",
    "welfare": "五险一金, 补充医疗保险, 意外险, 定期体检, 年终奖, 绩效奖金, 股票期权, 带薪年假, 餐补, 团建聚餐, 住房补贴, 家属自选保险, 家庭关爱假, 免费健身设施, 年度体检, 就近租房补贴",
    "boss_name": "周女士",
    "boss_title": "hr",
    "active_time": "刚刚活跃",
    "company": "字节跳动",
    "industry": "互联网",
    "scale": "10000人以上",
    "stage": "D轮及以上",
    "address": "北京海淀区抖音大钟寺广场1号楼大钟寺",
    "url": "https://www.zhipin.com/job_detail/d97a7fa24c6ffaa60nZy3Nq8FVBY.html"
  }
]
