[
  {
    "name": "AI策略产品经理 (Algorithm PM)",
    "salary": "25-50K·14薪",
    "experience": "3-5年",
    "degree": "本科",
    "city": "北京",
    "district": "",
    "description": "一、岗位定位与使命：负责具身大模型在具体场景下的策略定义、评测体系构建及数据流闭环，确保算法从仿真环境到真机的平稳落地。\n二、核⼼职责\n● 任务定义与拆解：将“药房⾃动拣选”等Long-horizon tasks拆解为原⼦动作（原子抓取、避障、放置），并定义每一阶段的成功标准。\n● 评测体系构建：建⽴机器人“智商”评测集。不只是看准确率，还要建立鲁棒性指标。\n● 数据流闭环管理：设计大规模专家轨迹采集的 SOP；负责 Teleoperation数据的标注质量管理；主导“Data Trigger”逻辑，自动抓取真机运行中的失败案例进入微调环节。\n● Sim-to-Real 策略：协同算法团队定义仿真环境中的 Domain Randomization参数，确保仿真训练出的策略在真机上具有高迁移率。\n● 模型产品化：负责模型推理延迟、内存占用与业务实时性要求的对齐；主导算法版本的Release Note。\n2. 任职要求\n● 硬核技术背景：计算机或机器人相关专业，熟知前沿论文，理解 Transformer 架构及强化学习基本原理。\n● 工具链熟悉：熟悉 ROS2 常用组件，能使用 SQL/Python 进行基础的数据挖掘和可视化分析。\n● 逻辑思维：极强的边界感，能清晰界定“这是算法问题”还是“这其实是硬件精度不够”。\n● 加分项：有 大型数据标注平台 管理经验，或有 自动驾驶/计算摄影 算法落地经验。",
    "skills": "",
    "welfare": "",
    "boss_name": "董先生",
    "boss_title": "招聘经理",
    "active_time": "刚刚活跃",
    "company": "北京擎仓机器人科技",
    "industry": "人工智能",
    "scale": "20-99人",
    "stage": "天使轮",
    "address": "北京海淀区科技财富中心A座A座303室",
    "url": "https://www.zhipin.com/job_detail/314a3e08abfb266d0nZ939W6GFJU.html"
  }
]
