[
  {
    "name": "ai产品经理",
    "salary": "15-20K·15薪",
    "experience": "在校/应届",
    "degree": "本科",
    "city": "北京",
    "district": "",
    "description": "岗位职责：\n1. 主导AI资讯生成产品的全生命周期管理，确保产品核心价值与技术实现的高效对接。\n2. 调研资讯行业痛点，结合NLP与大模型技术，为B端编辑/运营与C端创作者提供高效合规的AI资讯工具。\n3. 设计核心功能，包括AI写作Prompt策略、内容长度/风格自定义、改写润色等辅助工具，以及事实核查、敏感词过滤等合规功能。\n4. 监控产品性能指标，如生成内容采纳率、编辑耗时、合规问题率，并基于反馈优化产品功能。\n5. 与算法、内容、合规等跨团队紧密合作，确保产品按照既定节奏顺利推进。\n\n任职要求：\n1. 熟悉NLP基础原理，能够清晰表达AI工具在内容场景的应用逻辑。\n2. 具有强烈的需求洞察力、清晰的产品逻辑思维与数据敏感度，能够使用Axure、Figma等设计工具。\n3. 对资讯行业生产流程与合规要求有深入理解，能够在跨团队中发挥核心作用。",
    "skills": "语义类AI",
    "welfare": "带薪年假, 加班补助, 股票期权, 定期体检, 五险一金",
    "boss_name": "钱女士",
    "boss_title": "招聘HR",
    "active_time": "刚刚活跃",
    "company": "趣领智言(苏州)",
    "industry": "人工智能",
    "scale": "100-499人",
    "stage": "不需要融资",
    "address": "北京朝阳区WeWork中国(好世界商业广场社区店)3层",
    "url": "https://www.zhipin.com/job_detail/9aabfde2a44b00ce031y0ty9EFJX.html"
  }
]
