[
  {
    "name": "生鲜AI产品经理",
    "salary": "15-25K",
    "experience": "3-5年",
    "degree": "本科",
    "city": "北京",
    "district": "",
    "description": "岗位职责\n1、负责生鲜电商AI产品全生命周期管理：从需求挖掘、产品规划、功能设计到落地推广，主导AI技术在生鲜⾤销、供应链、⽤户服务等核⼼场景的应用落地，打造智能化、场景化的作业工具。\n2、深⼊理解生鲜行业采销协同痛点：围绕销售与买手作业场景（如信息互通、机制协同、资源集中等），结合AI能力设计解决方案，提升采销联动效率，解决一线作业人员实际问题。\n3、推动AI技术与业务场景深度融合：探索AI在售卖（如智能找品、自动加购）、商户沟通（如话术推荐、需求捕捉）、风险预警（如订单流失提醒）等场景的应用，简化交互形式，降低一线作业人员学习成本。\n4、跨团队协同与落地：与研发、算法、业务方（采销、销售、运营）紧密合作，推动产品迭代与数据验证，确保AI功能上线后的用户体验与业务指标达成（如商户复购率、采销协同效率）。\n  任职要求\n1、AI产品设计经验：有AI产品（如智能助手、NLP交互、知识图谱应用）设计经验，熟悉AI技术落地路径（如规则引擎、机器学习模型应用），能结合业务场景设计“低门槛、高价值”的AI功能（如自动信息匹配、智能流程推荐）。\n2、用户需求洞察能力：具备优秀的用户调研与需求分析能力，能通过用户访谈、场景观察提炼核心诉求，将抽象需求转化为可落地的产品方案;\n3、生鲜电商/零售行业经验：具备电商、零售平台或供应链相关产品经验，熟悉采销作业流程、商户服务场景，能精准定位业务痛点。\n4、跨团队推动能力：具备强项目管理与沟通协调能力，能有效联动研发、算法、业务团队推进项目，解决资源冲突与落地阻力，确保产品按期交付。",
    "skills": "B端产品, 语义类AI",
    "welfare": "意外险, 五险一金",
    "boss_name": "李女士",
    "boss_title": "HR",
    "active_time": "刚刚活跃",
    "company": "美菜",
    "industry": "电子商务",
    "scale": "10000人以上",
    "stage": "D轮及以上",
    "address": "北京东城区德必WE国际文化创意中心91号",
    "url": "https://www.zhipin.com/job_detail/98e2f32ffe6a69450nR92t65EVRW.html"
  }
]
