[
  {
    "name": "风控策略分析师（北京）",
    "salary": "19-25K·16薪",
    "experience": "在校/应届",
    "degree": "本科",
    "city": "北京",
    "district": "",
    "description": "岗位职责：\n1、结合公司业务模式，挖掘客户数据特征，结合内外部数据，评估、量化信用风险，搭建科学化的全流程信贷风险管理与资产检视体系；\n2、研究信贷客群风险特性，深入了解内外部数据，不断进行数据特征的分析和挖掘；\n3、通过AI工具、⾃动化⼯具进⾏报表体系搭建以及日常分析数据、专题分析、年化预估和客群洞察，不断进行数据特征的分析与挖掘；\n\n任职要求：\n1、本科及以上学历，数学、统计、⾦融、计算机等相关专业，熟练掌握SQL、Python、EXCEL、PPT等工具；\n2、具备信贷风控策略相关经验，有全国股份行信用卡中心或大型互金平台或金融科技公司，贷中风险策略设计和开发实践经验优先；\n3、优秀的逻辑思维能力，高度的业务敏感性与数据敏感性，能合理规划工作目标及路径，具有良好的沟通协调能力，较好逻辑与抗压能力。",
    "skills": "信贷风控策略",
    "welfare": "节日福利, 免费班车, 有无线网, 团建聚餐, 零食下午茶, 餐补, 带薪年假, 全勤奖, 加班补助, 股票期权, 绩效奖金, 年终奖, 定期体检, 补充医疗保险, 五险一金",
    "boss_name": "莫先生",
    "boss_title": "招聘专员",
    "active_time": "刚刚活跃",
    "company": "度小满",
    "industry": "互联网",
    "scale": "1000-9999人",
    "stage": "A轮",
    "address": "北京海淀区度小满金融总部西北旺东路10号院西区4号楼",
    "url": "https://www.zhipin.com/job_detail/5b9ca4fb90846cc80nd63NW0GFFS.html"
  }
]
