[
  {
    "name": "AI产品经理-26 年校招(A36456)",
    "salary": "15-20K·14薪",
    "experience": "在校/应届",
    "degree": "本科",
    "city": "北京",
    "district": "",
    "description": "职位描述：\n-关注GenAI发展的技术和产品，持续探索GenAI在影视内容制作、宣发、平台互动体验、商业变现等场景的创新应用；\n-与算法、工程团队紧密合作，推进产品方案落地，为业务核心指标贡献正向影响；\n-进⾏跨部门沟通与协作，组织数据⾤集与评测⼯作，为业务提供好用、高效、稳定的产品体验。\n\n职位要求：\n-计算机、⼈工智能、软件工程等相关专业优先，有相关AI应用落地的经验；\n-具备良好的产品思维和用户思维,能深入理解用户需求,设计出符合需求的优秀产品;\n-学习能力出众,沟通能力强,能与各部门人员高效沟通,推进方案落地;\n-对GenAI有浓厚的热情，对市面上前沿的AI产品有思考，有较强的需求拆解和抽象能力，积极创新。",
    "skills": "",
    "welfare": "五险一金, 补充医疗保险, 定期体检, 加班补助, 带薪年假, 餐补, 交通补助, 零食下午茶, 节日福利, 通讯补贴, 免费班车, 员工旅游, 股票期权, 心理咨询热线, 健身房, 理发室, 应届生房补, 员工内购, 带薪追星",
    "boss_name": "苏先生",
    "boss_title": "HR",
    "active_time": "刚刚活跃",
    "company": "爱奇艺",
    "industry": "互联网",
    "scale": "1000-9999人",
    "stage": "已上市",
    "address": "北京朝阳区爱奇艺青春中心(永利国际)3F",
    "url": "https://www.zhipin.com/job_detail/a9feac38335122d20nV53N-_GVJU.html"
  }
]
