[
  {
    "name": "ai产品经理社招",
    "salary": "15-20K",
    "experience": "1-3年",
    "degree": "本科",
    "city": "北京",
    "district": "",
    "description": "岗位职责:\n1. 负责产品全生命周期管理，制定清晰的产品路线图与迭代计划；\n2. 深入洞察用户需求与市场动态，将业务痛点转化为可行的产品解决⽅案；\n3. 协同研发、设计及运营团队，⾼效推动产品从概念到落地的全过程；\n4. 跟踪产品数据表现，基于数据分析持续优化产品功能与⽤户体验。\n\n任职要求：\n1. 具备扎实的产品方法论，拥有优秀的逻辑思维能力与需求分析能⼒；\n2. 拥有良好的沟通协调能力与团队合作精神，能有效整合多方资源；\n3. 对新技术保持敏锐度，具备快速学习能力以适应不断变化的行业环境；\n4. 工作积极主动，责任心强，能以结果为导向推动项目按时高质量交付。",
    "skills": "",
    "welfare": "五险一金, 年终奖, 股票期权, 带薪年假, 员工旅游, 节日福利, 零食下午茶",
    "boss_name": "李先生",
    "boss_title": "测试",
    "active_time": "刚刚活跃",
    "company": "知页简历",
    "industry": "互联网",
    "scale": "100-499人",
    "stage": "不需要融资",
    "address": "北京朝阳区北美国际商务中心K座一层",
    "url": "https://www.zhipin.com/job_detail/aa0904f7746381690nd42tS-GVJX.html"
  }
]
