=== Job Scrape Started: Sun Apr 19 22:17:03 CST 2026 ===
Checking opencli availability...
Attempting to scrape jobs from Boss直聘...
Scraping completed, parsing results...
[main 8346610] Daily job data update: 2026-04-19 22:17
 3 files changed, 8 insertions(+)
 create mode 100644 scripts/job-scrape.log
 create mode 100644 scripts/job_data.json
 create mode 100644 scripts/parsed_jobs.js
To github.com:zhengrui0207-png/job-recommendation.git
   581f50c..8346610  main -> main
=== Job Scrape Completed: Sun Apr 19 22:17:07 CST 2026 ===
=== Job Scrape Started: Mon Apr 20 10:10:49 CST 2026 ===
Error: opencli not found
=== Job Scrape Started: Tue Apr 21 10:24:08 CST 2026 ===
Error: opencli not found
=== Job Scrape Started: Wed Apr 22 10:18:42 CST 2026 ===
Error: opencli not found
=== Job Scrape Started: Thu Apr 23 10:27:06 CST 2026 ===
Error: opencli not found
=== Job Scrape Started: Fri Apr 24 10:26:53 CST 2026 ===
Error: opencli not found
=== Job Scrape Started: Sat Apr 25 10:28:21 CST 2026 ===
Error: opencli not found
=== Job Scrape Started: Sun Apr 26 10:00:04 CST 2026 ===
Error: opencli not found
=== Job Scrape Started: Mon Apr 27 10:13:51 CST 2026 ===
Error: opencli not found
2026-04-27 20:46:05 - ==================================================
2026-04-27 20:46:05 - 开始抓取Boss直聘职位数据
2026-04-27 20:46:05 - ==================================================
2026-04-27 20:46:05 - 
--- 抓取 北京 (目标: 35条, 剩余: 50条) ---
2026-04-27 20:46:05 -   抓取: AI产品经理@北京
2026-04-27 20:46:47 -     返回 0 条
2026-04-27 20:46:47 -   抓取: 策略运营@北京
2026-04-27 20:47:06 -     返回 0 条
2026-04-27 20:47:06 -   抓取: 用户增长@北京
2026-04-27 20:47:32 -     返回 0 条
2026-04-27 20:47:32 -   抓取: 产品经理@北京
2026-04-27 20:47:56 -     返回 0 条
2026-04-27 20:47:56 -   抓取: 产品运营@北京
2026-04-27 20:48:04 -     返回 0 条
2026-04-27 20:48:04 -   抓取: AI运营@北京
2026-04-27 20:48:26 -     返回 0 条
2026-04-27 20:48:26 -   抓取: 内容运营@北京
2026-04-27 20:48:32 -     返回 0 条
2026-04-27 20:48:32 - 
--- 抓取 杭州 (目标: 10条, 剩余: 50条) ---
2026-04-27 20:48:32 -   抓取: AI产品经理@杭州
2026-04-27 20:48:51 -     返回 0 条
2026-04-27 20:48:51 -   抓取: 策略运营@杭州
2026-04-27 20:48:58 -     返回 0 条
2026-04-27 20:48:58 -   抓取: 用户增长@杭州
2026-04-27 20:49:09 -     返回 0 条
2026-04-27 20:49:09 -   抓取: 产品经理@杭州
2026-04-27 20:49:26 -     返回 0 条
2026-04-27 20:49:26 -   抓取: 产品运营@杭州
2026-04-27 20:49:32 -     返回 0 条
2026-04-27 20:49:32 -   抓取: AI运营@杭州
2026-04-27 20:49:52 -     返回 0 条
2026-04-27 20:49:52 -   抓取: 内容运营@杭州
2026-04-27 20:49:58 -     返回 0 条
2026-04-27 20:49:58 - 
--- 抓取 深圳 (目标: 10条, 剩余: 50条) ---
2026-04-27 20:49:58 -   抓取: AI产品经理@深圳
2026-04-27 20:50:04 -     返回 0 条
2026-04-27 20:50:04 -   抓取: 策略运营@深圳
2026-04-27 20:50:24 -     返回 0 条
2026-04-27 20:50:24 -   抓取: 用户增长@深圳
2026-04-27 20:50:44 -     返回 0 条
2026-04-27 20:50:44 -   抓取: 产品经理@深圳
2026-04-27 20:51:02 -     返回 0 条
2026-04-27 20:51:02 -   抓取: 产品运营@深圳
2026-04-27 20:51:19 -     返回 0 条
2026-04-27 20:51:19 -   抓取: AI运营@深圳
2026-04-27 20:51:25 -     返回 0 条
2026-04-27 20:51:25 -   抓取: 内容运营@深圳
2026-04-27 20:51:31 -     返回 0 条
2026-04-27 20:51:31 - 
--- 抓取 上海 (目标: 10条, 剩余: 50条) ---
2026-04-27 20:51:31 -   抓取: AI产品经理@上海
2026-04-27 20:51:41 -     返回 0 条
2026-04-27 20:51:41 -   抓取: 策略运营@上海
2026-04-27 20:51:46 -     返回 0 条
2026-04-27 20:51:46 -   抓取: 用户增长@上海
2026-04-27 20:51:50 -     返回 0 条
2026-04-27 20:51:50 -   抓取: 产品经理@上海
2026-04-27 20:52:03 -     返回 0 条
2026-04-27 20:52:03 -   抓取: 产品运营@上海
2026-04-27 20:52:06 -     返回 0 条
2026-04-27 20:52:06 -   抓取: AI运营@上海
2026-04-27 20:52:09 -     返回 0 条
2026-04-27 20:52:09 -   抓取: 内容运营@上海
2026-04-27 20:52:22 -     返回 0 条
2026-04-27 20:52:22 - 
共抓取到 0 条职位（去重后）
2026-04-27 20:52:22 - 已保存到 /Users/zhengrui/.newmax/workspace/job-recommendation/jobs.js
2026-04-27 20:52:22 - 
提交到GitHub...
