=== Job Update Started: Sun Apr 19 19:29:15 CST 2026 ===
Searching jobs on Boss...
/Users/zhengrui/.newmax/workspace/job-recommendation/scripts/update-jobs.sh: line 17: opencli: command not found
[main 83f2694] Update job listings: 2026-04-19 19:29
 1 file changed, 3 insertions(+)
 create mode 100644 scripts/update.log
ssh: connect to host github.com port 22: Undefined error: 0
fatal: Could not read from remote repository.

Please make sure you have the correct access rights
and the repository exists.
=== Job Update Started: Mon Apr 20 18:11:55 CST 2026 ===
Searching jobs on Boss...
/Users/zhengrui/.newmax/workspace/job-recommendation/scripts/update-jobs.sh: line 17: opencli: command not found
[main 00b04ec] Update job listings: 2026-04-20 18:11
 2 files changed, 5 insertions(+)
To github.com:zhengrui0207-png/job-recommendation.git
   e26a9da..00b04ec  main -> main
Changes pushed to GitHub
/Users/zhengrui/.newmax/workspace/job-recommendation/scripts/update-jobs.sh: line 31: vercel: command not found
/Users/zhengrui/.newmax/workspace/job-recommendation/scripts/update-jobs.sh: line 31: vercel: command not found
=== Job Update Completed: Mon Apr 20 18:12:02 CST 2026 ===
=== Job Update Started: Tue Apr 21 18:32:14 CST 2026 ===
Searching jobs on Boss...
/Users/zhengrui/.newmax/workspace/job-recommendation/scripts/update-jobs.sh: line 17: opencli: command not found
[main 9864dc2] Update job listings: 2026-04-21 18:32
 2 files changed, 13 insertions(+)
To github.com:zhengrui0207-png/job-recommendation.git
   00b04ec..9864dc2  main -> main
Changes pushed to GitHub
/Users/zhengrui/.newmax/workspace/job-recommendation/scripts/update-jobs.sh: line 31: vercel: command not found
/Users/zhengrui/.newmax/workspace/job-recommendation/scripts/update-jobs.sh: line 31: vercel: command not found
=== Job Update Completed: Tue Apr 21 18:32:19 CST 2026 ===
=== Job Update Started: Wed Apr 22 18:09:38 CST 2026 ===
Searching jobs on Boss...
/Users/zhengrui/.newmax/workspace/job-recommendation/scripts/update-jobs.sh: line 17: opencli: command not found
[main 37469cc] Update job listings: 2026-04-22 18:09
 2 files changed, 13 insertions(+)
ssh: connect to host github.com port 22: Undefined error: 0
fatal: Could not read from remote repository.

Please make sure you have the correct access rights
and the repository exists.
=== Job Update Started: Thu Apr 23 18:35:07 CST 2026 ===
Searching jobs on Boss...
/Users/zhengrui/.newmax/workspace/job-recommendation/scripts/update-jobs.sh: line 17: opencli: command not found
[main 17c75b1] Update job listings: 2026-04-23 18:35
 2 files changed, 12 insertions(+)
kex_exchange_identification: Connection closed by remote host
Connection closed by 127.0.0.1 port 7897
fatal: Could not read from remote repository.

Please make sure you have the correct access rights
and the repository exists.
=== Job Update Started: Fri Apr 24 18:31:10 CST 2026 ===
Searching jobs on Boss...
/Users/zhengrui/.newmax/workspace/job-recommendation/scripts/update-jobs.sh: line 17: opencli: command not found
